warning: streamAdd.cpp:4:0: Ignore depth setting for top argument 'INPUT1'
warning: streamAdd.cpp:4:0: Ignore depth setting for top argument 'INPUT2'
warning: streamAdd.cpp:4:0: Ignore depth setting for top argument 'OUTPUT'
remark: D:/Xilinx/Vitis_HLS/2022.2/common/technology/autopilot\ap_axi_sdata.h:237:50: Inlining function 'hls::axis<ap_int<32>, 0ul, 0ul, 0ul>::get_user_ptr()' into 'hls::stream<hls::axis<ap_int<32>, 0ul, 0ul, 0ul>, 0>::read(hls::axis<ap_int<32>, 0ul, 0ul, 0ul>&)'
remark: D:/Xilinx/Vitis_HLS/2022.2/common/technology/autopilot\ap_axi_sdata.h:240:25: Inlining function 'hls::axis<ap_int<32>, 0ul, 0ul, 0ul>::get_dest_ptr()' into 'hls::stream<hls::axis<ap_int<32>, 0ul, 0ul, 0ul>, 0>::read(hls::axis<ap_int<32>, 0ul, 0ul, 0ul>&)'
remark: D:/Xilinx/Vitis_HLS/2022.2/common/technology/autopilot\ap_axi_sdata.h:239:67: Inlining function 'hls::axis<ap_int<32>, 0ul, 0ul, 0ul>::get_id_ptr()' into 'hls::stream<hls::axis<ap_int<32>, 0ul, 0ul, 0ul>, 0>::read(hls::axis<ap_int<32>, 0ul, 0ul, 0ul>&)'
remark: D:/Xilinx/Vitis_HLS/2022.2/common/technology/autopilot\ap_axi_sdata.h:239:36: Inlining function 'hls::axis<ap_int<32>, 0ul, 0ul, 0ul>::get_user_ptr()' into 'hls::stream<hls::axis<ap_int<32>, 0ul, 0ul, 0ul>, 0>::read(hls::axis<ap_int<32>, 0ul, 0ul, 0ul>&)'
remark: D:/Xilinx/Vitis_HLS/2022.2/common/technology/autopilot\ap_axi_sdata.h:238:39: Inlining function 'hls::axis<ap_int<32>, 0ul, 0ul, 0ul>::get_dest_ptr()' into 'hls::stream<hls::axis<ap_int<32>, 0ul, 0ul, 0ul>, 0>::read(hls::axis<ap_int<32>, 0ul, 0ul, 0ul>&)'
remark: D:/Xilinx/Vitis_HLS/2022.2/common/technology/autopilot\ap_axi_sdata.h:238:23: Inlining function 'hls::axis<ap_int<32>, 0ul, 0ul, 0ul>::get_id_ptr()' into 'hls::stream<hls::axis<ap_int<32>, 0ul, 0ul, 0ul>, 0>::read(hls::axis<ap_int<32>, 0ul, 0ul, 0ul>&)'
remark: D:/Xilinx/Vitis_HLS/2022.2/common/technology/autopilot\ap_int_base.h:185:106: Inlining function '_ZN8ssdm_intILi33ELb1EEC2EDq33_i' into 'ap_int_base<33, true>::ap_int_base<32, true>(ap_int_base<32, true> const&)'
remark: D:/Xilinx/Vitis_HLS/2022.2/common/technology/autopilot\ap_int_base.h:214:67: Inlining function '_ZN8ssdm_intILi33ELb1EEC2EDq33_i' into 'ap_int_base<33, true>::ap_int_base(int)'
remark: D:/Xilinx/Vitis_HLS/2022.2/common/technology/autopilot\ap_int_base.h:1495:339: Inlining function 'ap_int_base<33, true>::ap_int_base<32, true>(ap_int_base<32, true> const&)' into 'ap_int_base<32, true>::RType<32, true>::plus operator+<32, true, 32, true>(ap_int_base<32, true> const&, ap_int_base<32, true> const&)'
remark: D:/Xilinx/Vitis_HLS/2022.2/common/technology/autopilot\ap_int_base.h:1495:516: Inlining function 'ap_int_base<33, true>::ap_int_base(int)' into 'ap_int_base<32, true>::RType<32, true>::plus operator+<32, true, 32, true>(ap_int_base<32, true> const&, ap_int_base<32, true> const&)'
remark: D:/Xilinx/Vitis_HLS/2022.2/common/technology/autopilot\ap_int_base.h:1495:427: Inlining function 'ap_int_base<33, true>::ap_int_base<32, true>(ap_int_base<32, true> const&)' into 'ap_int_base<32, true>::RType<32, true>::plus operator+<32, true, 32, true>(ap_int_base<32, true> const&, ap_int_base<32, true> const&)'
remark: D:/Xilinx/Vitis_HLS/2022.2/common/technology/autopilot\ap_int_base.h:185:106: Inlining function 'ssdm_int<32, true>::ssdm_int(int)' into 'ap_int_base<32, true>::ap_int_base<33, true>(ap_int_base<33, true> const&)'
remark: <unknown>:0:0: Inlining function 'ap_int_base<32, true>::ap_int_base<33, true>(ap_int_base<33, true> const&)' into 'ap_int<32>::ap_int<33>(ap_int<33> const&)'
remark: D:/Xilinx/Vitis_HLS/2022.2/common/technology/autopilot\ap_axi_sdata.h:258:51: Inlining function 'hls::axis<ap_int<32>, 0ul, 0ul, 0ul>::get_user_ptr()' into 'hls::stream<hls::axis<ap_int<32>, 0ul, 0ul, 0ul>, 0>::write(hls::axis<ap_int<32>, 0ul, 0ul, 0ul> const&)'
remark: D:/Xilinx/Vitis_HLS/2022.2/common/technology/autopilot\ap_axi_sdata.h:261:26: Inlining function 'hls::axis<ap_int<32>, 0ul, 0ul, 0ul>::get_dest_ptr()' into 'hls::stream<hls::axis<ap_int<32>, 0ul, 0ul, 0ul>, 0>::write(hls::axis<ap_int<32>, 0ul, 0ul, 0ul> const&)'
remark: D:/Xilinx/Vitis_HLS/2022.2/common/technology/autopilot\ap_axi_sdata.h:260:68: Inlining function 'hls::axis<ap_int<32>, 0ul, 0ul, 0ul>::get_id_ptr()' into 'hls::stream<hls::axis<ap_int<32>, 0ul, 0ul, 0ul>, 0>::write(hls::axis<ap_int<32>, 0ul, 0ul, 0ul> const&)'
remark: D:/Xilinx/Vitis_HLS/2022.2/common/technology/autopilot\ap_axi_sdata.h:260:37: Inlining function 'hls::axis<ap_int<32>, 0ul, 0ul, 0ul>::get_user_ptr()' into 'hls::stream<hls::axis<ap_int<32>, 0ul, 0ul, 0ul>, 0>::write(hls::axis<ap_int<32>, 0ul, 0ul, 0ul> const&)'
remark: D:/Xilinx/Vitis_HLS/2022.2/common/technology/autopilot\ap_axi_sdata.h:259:40: Inlining function 'hls::axis<ap_int<32>, 0ul, 0ul, 0ul>::get_dest_ptr()' into 'hls::stream<hls::axis<ap_int<32>, 0ul, 0ul, 0ul>, 0>::write(hls::axis<ap_int<32>, 0ul, 0ul, 0ul> const&)'
remark: D:/Xilinx/Vitis_HLS/2022.2/common/technology/autopilot\ap_axi_sdata.h:259:24: Inlining function 'hls::axis<ap_int<32>, 0ul, 0ul, 0ul>::get_id_ptr()' into 'hls::stream<hls::axis<ap_int<32>, 0ul, 0ul, 0ul>, 0>::write(hls::axis<ap_int<32>, 0ul, 0ul, 0ul> const&)'
remark: streamAdd.cpp:15:10: Inlining function 'hls::stream<hls::axis<ap_int<32>, 0ul, 0ul, 0ul>, 0>::read(hls::axis<ap_int<32>, 0ul, 0ul, 0ul>&)' into 'sadd(hls::stream<hls::axis<ap_int<32>, 0ul, 0ul, 0ul>, 0>&, hls::stream<hls::axis<ap_int<32>, 0ul, 0ul, 0ul>, 0>&, hls::stream<hls::axis<ap_int<32>, 0ul, 0ul, 0ul>, 0>&, unsigned int)'
remark: streamAdd.cpp:18:10: Inlining function 'hls::stream<hls::axis<ap_int<32>, 0ul, 0ul, 0ul>, 0>::write(hls::axis<ap_int<32>, 0ul, 0ul, 0ul> const&)' into 'sadd(hls::stream<hls::axis<ap_int<32>, 0ul, 0ul, 0ul>, 0>&, hls::stream<hls::axis<ap_int<32>, 0ul, 0ul, 0ul>, 0>&, hls::stream<hls::axis<ap_int<32>, 0ul, 0ul, 0ul>, 0>&, unsigned int)'
remark: streamAdd.cpp:17:25: Inlining function 'ap_int_base<32, true>::RType<32, true>::plus operator+<32, true, 32, true>(ap_int_base<32, true> const&, ap_int_base<32, true> const&)' into 'sadd(hls::stream<hls::axis<ap_int<32>, 0ul, 0ul, 0ul>, 0>&, hls::stream<hls::axis<ap_int<32>, 0ul, 0ul, 0ul>, 0>&, hls::stream<hls::axis<ap_int<32>, 0ul, 0ul, 0ul>, 0>&, unsigned int)'
remark: streamAdd.cpp:16:10: Inlining function 'hls::stream<hls::axis<ap_int<32>, 0ul, 0ul, 0ul>, 0>::read(hls::axis<ap_int<32>, 0ul, 0ul, 0ul>&)' into 'sadd(hls::stream<hls::axis<ap_int<32>, 0ul, 0ul, 0ul>, 0>&, hls::stream<hls::axis<ap_int<32>, 0ul, 0ul, 0ul>, 0>&, hls::stream<hls::axis<ap_int<32>, 0ul, 0ul, 0ul>, 0>&, unsigned int)'
