D:\WSLg\HLS\Lab3\streamAdd\streamAdd\solution1\.autopilot\db\streamAdd.pp.0.cpp:1551:7: warning: Added loop label VITIS_LOOP_1211_1:   [xilinx-label-all-loops]
      for (i = 0; i < __N - 1; ++i) {
      ^~~
      VITIS_LOOP_1211_1: 
D:\WSLg\HLS\Lab3\streamAdd\streamAdd\solution1\.autopilot\db\streamAdd.pp.0.cpp:1551:7: note: FIX-IT applied suggested code changes
D:\WSLg\HLS\Lab3\streamAdd\streamAdd\solution1\.autopilot\db\streamAdd.pp.0.cpp:2525:5: warning: Added loop label VITIS_LOOP_676_1:   [xilinx-label-all-loops]
    for (unsigned i = low; i != high; ++i) {
    ^~~
    VITIS_LOOP_676_1: 
D:\WSLg\HLS\Lab3\streamAdd\streamAdd\solution1\.autopilot\db\streamAdd.pp.0.cpp:2525:5: note: FIX-IT applied suggested code changes
D:\WSLg\HLS\Lab3\streamAdd\streamAdd\solution1\.autopilot\db\streamAdd.pp.0.cpp:2539:5: warning: Added loop label VITIS_LOOP_690_1:   [xilinx-label-all-loops]
    for (unsigned i = low; i != high; ++i) {
    ^~~
    VITIS_LOOP_690_1: 
D:\WSLg\HLS\Lab3\streamAdd\streamAdd\solution1\.autopilot\db\streamAdd.pp.0.cpp:2539:5: note: FIX-IT applied suggested code changes
D:\WSLg\HLS\Lab3\streamAdd\streamAdd\solution1\.autopilot\db\streamAdd.pp.0.cpp:2553:5: warning: Added loop label VITIS_LOOP_704_1:   [xilinx-label-all-loops]
    for (unsigned i = low; i != high; ++i) {
    ^~~
    VITIS_LOOP_704_1: 
D:\WSLg\HLS\Lab3\streamAdd\streamAdd\solution1\.autopilot\db\streamAdd.pp.0.cpp:2553:5: note: FIX-IT applied suggested code changes
D:\WSLg\HLS\Lab3\streamAdd\streamAdd\solution1\.autopilot\db\streamAdd.pp.0.cpp:4164:7: warning: Added loop label VITIS_LOOP_1245_1:   [xilinx-label-all-loops]
      for (i = 0; i < __N - 1; ++i) {
      ^~~
      VITIS_LOOP_1245_1: 
D:\WSLg\HLS\Lab3\streamAdd\streamAdd\solution1\.autopilot\db\streamAdd.pp.0.cpp:4164:7: note: FIX-IT applied suggested code changes
D:\WSLg\HLS\Lab3\streamAdd\streamAdd\solution1\.autopilot\db\streamAdd.pp.0.cpp:6457:2: warning: Added loop label VITIS_LOOP_14_1:   [xilinx-label-all-loops]
 for(unsigned int i=0; i<length; i++){
 ^~~
 VITIS_LOOP_14_1: 
D:\WSLg\HLS\Lab3\streamAdd\streamAdd\solution1\.autopilot\db\streamAdd.pp.0.cpp:6457:2: note: FIX-IT applied suggested code changes
