INFO: [HLS 200-10] Running 'C:/Xilinx/Vitis_HLS/2020.2/bin/unwrapped/win64.o/vitis_hls.exe'
INFO: [HLS 200-10] For user 'monja' on host 'desktop-x300' (Windows NT_amd64 version 6.2) on Sat Sep 18 21:54:10 -0400 2021
INFO: [HLS 200-10] In directory 'C:/Xilinx/Mul'
Sourcing Tcl script 'C:/Xilinx/Mul/Mul/solution1/export.tcl'
INFO: [HLS 200-1510] Running: open_project Mul 
INFO: [HLS 200-10] Opening project 'C:/Xilinx/Mul/Mul'.
INFO: [HLS 200-1510] Running: set_top mul 
INFO: [HLS 200-1510] Running: add_files mul.cpp 
INFO: [HLS 200-10] Adding design file 'mul.cpp' to the project
INFO: [HLS 200-1510] Running: add_files -tb mul_tb.cpp 
INFO: [HLS 200-10] Adding test bench file 'mul_tb.cpp' to the project
INFO: [HLS 200-1510] Running: open_solution solution1 -flow_target vivado 
INFO: [HLS 200-10] Opening solution 'C:/Xilinx/Mul/Mul/solution1'.
INFO: [SYN 201-201] Setting up clock 'default' with a period of 10ns.
INFO: [HLS 200-10] Setting target device to 'xc7z020-clg400-1'
INFO: [HLS 200-1505] Using flow_target 'vivado'
Resolution: For help on HLS 200-1505 see www.xilinx.com/cgi-bin/docs/rdoc?v=2020.2;t=hls+guidance;d=200-1505.html
INFO: [HLS 200-1510] Running: set_part xc7z020clg400-1 
INFO: [HLS 200-1510] Running: create_clock -period 10 -name default 
INFO: [SYN 201-201] Setting up clock 'default' with a period of 10ns.
INFO: [HLS 200-1510] Running: export_design -rtl verilog -format ip_catalog 
INFO: [IMPL 213-8] Exporting RTL as a Vivado IP.

****** Vivado v2020.2 (64-bit)
  **** SW Build 3064766 on Wed Nov 18 09:12:45 MST 2020
  **** IP Build 3064653 on Wed Nov 18 14:17:31 MST 2020
    ** Copyright 1986-2020 Xilinx, Inc. All Rights Reserved.

source run_ippack.tcl -notrace
INFO: [IP_Flow 19-234] Refreshing IP repositories
INFO: [IP_Flow 19-1704] No user IP repositories specified
INFO: [IP_Flow 19-2313] Loaded Vivado IP repository 'C:/Xilinx/Vivado/2020.2/data/ip'.
INFO: [Common 17-206] Exiting Vivado at Sat Sep 18 21:54:15 2021...
INFO: [HLS 200-802] Generated output file Mul/solution1/impl/export.zip
INFO: [HLS 200-111] Finished Command export_design CPU user time: 1 seconds. CPU system time: 0 seconds. Elapsed time: 3.99 seconds; current allocated memory: 90.646 MB.
