Copyright 1986-2020 Xilinx, Inc. All Rights Reserved.
------------------------------------------------------------------------------------
| Tool Version : Vivado v.2020.2 (win64) Build 3064766 Wed Nov 18 09:12:45 MST 2020
| Date         : Sat Sep 18 21:18:45 2021
| Host         : DESKTOP-X300 running 64-bit major release  (build 9200)
| Command      : upgrade_ip
| Device       : xc7z020clg400-1
------------------------------------------------------------------------------------

Upgrade Log for IP 'design_1_axi4_sqrt_0_0'

1. Summary
----------

SUCCESS in the upgrade of design_1_axi4_sqrt_0_0 (xilinx.com:hls:axi4_sqrt:1.0) from (Rev. 2109182108) to (Rev. 2109182118)






Copyright 1986-2020 Xilinx, Inc. All Rights Reserved.
------------------------------------------------------------------------------------
| Tool Version : Vivado v.2020.2 (win64) Build 3064766 Wed Nov 18 09:12:45 MST 2020
| Date         : Sat Sep 18 21:10:23 2021
| Host         : DESKTOP-X300 running 64-bit major release  (build 9200)
| Command      : upgrade_ip
| Device       : xc7z020clg400-1
------------------------------------------------------------------------------------

Upgrade Log for IP 'design_1_axi4_sqrt_0_0'

1. Summary
----------

SUCCESS in the upgrade of design_1_axi4_sqrt_0_0 (xilinx.com:hls:axi4_sqrt:1.0) from (Rev. 2109182050) to (Rev. 2109182108)

