

================================================================
== Vitis HLS Report for 'axi4_sqrt'
================================================================
* Date:           Sat Sep 18 21:18:03 2021

* Version:        2020.2 (Build 3064766 on Wed Nov 18 09:12:45 MST 2020)
* Project:        axi4_sqrt
* Solution:       solution1 (Vivado IP Flow Target)
* Product family: zynq
* Target device:  xc7z020-clg400-1


================================================================
== Performance Estimates
================================================================
+ Timing: 
    * Summary: 
    +--------+----------+----------+------------+
    |  Clock |  Target  | Estimated| Uncertainty|
    +--------+----------+----------+------------+
    |ap_clk  |  10.00 ns|  7.300 ns|     2.70 ns|
    +--------+----------+----------+------------+

+ Latency: 
    * Summary: 
    +---------+---------+----------+----------+-----+-----+---------+
    |  Latency (cycles) |  Latency (absolute) |  Interval | Pipeline|
    |   min   |   max   |    min   |    max   | min | max |   Type  |
    +---------+---------+----------+----------+-----+-----+---------+
    |        ?|        ?|         ?|         ?|    ?|    ?|     none|
    +---------+---------+----------+----------+-----+-----+---------+

    + Detail: 
        * Instance: 
        N/A

        * Loop: 
        +-------------------+---------+---------+----------+-----------+-----------+------+----------+
        |                   |  Latency (cycles) | Iteration|  Initiation Interval  | Trip |          |
        |     Loop Name     |   min   |   max   |  Latency |  achieved |   target  | Count| Pipelined|
        +-------------------+---------+---------+----------+-----------+-----------+------+----------+
        |- Loop 1           |       51|       51|         3|          1|          1|    50|       yes|
        |- VITIS_LOOP_26_1  |        ?|        ?|        19|          1|          1|     ?|       yes|
        |- Loop 3           |       51|       51|         3|          1|          1|    50|       yes|
        +-------------------+---------+---------+----------+-----------+-----------+------+----------+

============================================================
+ Verbose Summary: Synthesis Manager
============================================================
InlineROM: 1
ExposeGlobal: 0
============================================================
+ Verbose Summary: CDFG Model
============================================================
IsTopModel: 1
ResetActiveHigh: 1
IsCombinational: 0
IsDatapathOnly: 0
HasWiredReturn: 1
HasMFsm: 0
HasVarLatency: 1
IsPipeline: 0
IsRtlPipelined: 0
IsInstanceOverlapped: 0
IsDontTouch: 0
HasImplIP: 0
IsGatedGlobalClock: 0

+ Individual pipeline summary: 
  * Pipeline-0: initiation interval (II) = 1, depth = 3
  * Pipeline-1: initiation interval (II) = 1, depth = 19
  * Pipeline-2: initiation interval (II) = 1, depth = 3


============================================================
+ Verbose Summary: Schedule
============================================================
* Number of FSM states : 40
* Pipeline : 3
  Pipeline-0 : II = 1, D = 3, States = { 9 10 11 }
  Pipeline-1 : II = 1, D = 19, States = { 13 14 15 16 17 18 19 20 21 22 23 24 25 26 27 28 29 30 31 }
  Pipeline-2 : II = 1, D = 3, States = { 33 34 35 }
* Dataflow Pipeline: 0

* FSM state transitions: 
1 --> 2 
2 --> 3 
3 --> 4 
4 --> 5 
5 --> 6 
6 --> 7 
7 --> 8 
8 --> 9 
9 --> 12 10 
10 --> 11 
11 --> 9 
12 --> 13 
13 --> 32 14 
14 --> 15 
15 --> 16 
16 --> 17 
17 --> 18 
18 --> 19 
19 --> 20 
20 --> 21 
21 --> 22 
22 --> 23 
23 --> 24 
24 --> 25 
25 --> 26 
26 --> 27 
27 --> 28 
28 --> 29 
29 --> 30 
30 --> 31 
31 --> 13 
32 --> 33 
33 --> 36 34 
34 --> 35 
35 --> 33 
36 --> 37 
37 --> 38 
38 --> 39 
39 --> 40 
40 --> 

* FSM state operations: 

State 1 <SV = 0> <Delay = 3.25>
ST_1 : Operation 41 [1/1] (1.00ns)   --->   "%len_read = read i32 @_ssdm_op_Read.s_axilite.i32, i32 %len"   --->   Operation 41 'read' 'len_read' <Predicate = true> <Delay = 1.00> <CoreInst = "s_axilite">   --->   Core 114 's_axilite' <Latency = 0> <II = 1> <Delay = 1.00> <Adapter> <Opcode : 'read' 'write'>
ST_1 : Operation 42 [1/1] (1.00ns)   --->   "%out_r_read = read i64 @_ssdm_op_Read.s_axilite.i64, i64 %out_r"   --->   Operation 42 'read' 'out_r_read' <Predicate = true> <Delay = 1.00> <CoreInst = "s_axilite">   --->   Core 114 's_axilite' <Latency = 0> <II = 1> <Delay = 1.00> <Adapter> <Opcode : 'read' 'write'>
ST_1 : Operation 43 [1/1] (1.00ns)   --->   "%in_r_read = read i64 @_ssdm_op_Read.s_axilite.i64, i64 %in_r"   --->   Operation 43 'read' 'in_r_read' <Predicate = true> <Delay = 1.00> <CoreInst = "s_axilite">   --->   Core 114 's_axilite' <Latency = 0> <II = 1> <Delay = 1.00> <Adapter> <Opcode : 'read' 'write'>
ST_1 : Operation 44 [1/1] (3.25ns)   --->   "%buff = alloca i64 1" [axi4_sqrt.cpp:21]   --->   Operation 44 'alloca' 'buff' <Predicate = true> <Delay = 3.25> <CoreInst = "RAM">   --->   Core 82 'RAM' <Latency = 1> <II = 1> <Delay = 3.25> <Storage> <Opcode : 'load' 'store'> <Ports = 2> <Width = 32> <Depth = 50> <RAM>
ST_1 : Operation 45 [1/1] (0.00ns)   --->   "%trunc_ln = partselect i62 @_ssdm_op_PartSelect.i62.i64.i32.i32, i64 %in_r_read, i32 2, i32 63" [axi4_sqrt.cpp:24]   --->   Operation 45 'partselect' 'trunc_ln' <Predicate = true> <Delay = 0.00>
ST_1 : Operation 46 [1/1] (0.00ns)   --->   "%sext_ln24 = sext i62 %trunc_ln" [axi4_sqrt.cpp:24]   --->   Operation 46 'sext' 'sext_ln24' <Predicate = true> <Delay = 0.00>
ST_1 : Operation 47 [1/1] (0.00ns)   --->   "%input_r_addr = getelementptr i32 %input_r, i64 %sext_ln24" [axi4_sqrt.cpp:24]   --->   Operation 47 'getelementptr' 'input_r_addr' <Predicate = true> <Delay = 0.00>

State 2 <SV = 1> <Delay = 7.30>
ST_2 : Operation 48 [7/7] (7.30ns)   --->   "%empty = readreq i1 @_ssdm_op_ReadReq.m_axi.p1i32, i32 %input_r_addr, i32 50" [axi4_sqrt.cpp:24]   --->   Operation 48 'readreq' 'empty' <Predicate = true> <Delay = 7.30> <CoreInst = "m_axi">   --->   Core 113 'm_axi' <Latency = 6> <II = 1> <Delay = 1.00> <Adapter> <Opcode : 'read' 'write' 'readreq' 'writereq' 'writeresp'>

State 3 <SV = 2> <Delay = 7.30>
ST_3 : Operation 49 [6/7] (7.30ns)   --->   "%empty = readreq i1 @_ssdm_op_ReadReq.m_axi.p1i32, i32 %input_r_addr, i32 50" [axi4_sqrt.cpp:24]   --->   Operation 49 'readreq' 'empty' <Predicate = true> <Delay = 7.30> <CoreInst = "m_axi">   --->   Core 113 'm_axi' <Latency = 6> <II = 1> <Delay = 1.00> <Adapter> <Opcode : 'read' 'write' 'readreq' 'writereq' 'writeresp'>

State 4 <SV = 3> <Delay = 7.30>
ST_4 : Operation 50 [5/7] (7.30ns)   --->   "%empty = readreq i1 @_ssdm_op_ReadReq.m_axi.p1i32, i32 %input_r_addr, i32 50" [axi4_sqrt.cpp:24]   --->   Operation 50 'readreq' 'empty' <Predicate = true> <Delay = 7.30> <CoreInst = "m_axi">   --->   Core 113 'm_axi' <Latency = 6> <II = 1> <Delay = 1.00> <Adapter> <Opcode : 'read' 'write' 'readreq' 'writereq' 'writeresp'>

State 5 <SV = 4> <Delay = 7.30>
ST_5 : Operation 51 [4/7] (7.30ns)   --->   "%empty = readreq i1 @_ssdm_op_ReadReq.m_axi.p1i32, i32 %input_r_addr, i32 50" [axi4_sqrt.cpp:24]   --->   Operation 51 'readreq' 'empty' <Predicate = true> <Delay = 7.30> <CoreInst = "m_axi">   --->   Core 113 'm_axi' <Latency = 6> <II = 1> <Delay = 1.00> <Adapter> <Opcode : 'read' 'write' 'readreq' 'writereq' 'writeresp'>

State 6 <SV = 5> <Delay = 7.30>
ST_6 : Operation 52 [3/7] (7.30ns)   --->   "%empty = readreq i1 @_ssdm_op_ReadReq.m_axi.p1i32, i32 %input_r_addr, i32 50" [axi4_sqrt.cpp:24]   --->   Operation 52 'readreq' 'empty' <Predicate = true> <Delay = 7.30> <CoreInst = "m_axi">   --->   Core 113 'm_axi' <Latency = 6> <II = 1> <Delay = 1.00> <Adapter> <Opcode : 'read' 'write' 'readreq' 'writereq' 'writeresp'>

State 7 <SV = 6> <Delay = 7.30>
ST_7 : Operation 53 [2/7] (7.30ns)   --->   "%empty = readreq i1 @_ssdm_op_ReadReq.m_axi.p1i32, i32 %input_r_addr, i32 50" [axi4_sqrt.cpp:24]   --->   Operation 53 'readreq' 'empty' <Predicate = true> <Delay = 7.30> <CoreInst = "m_axi">   --->   Core 113 'm_axi' <Latency = 6> <II = 1> <Delay = 1.00> <Adapter> <Opcode : 'read' 'write' 'readreq' 'writereq' 'writeresp'>

State 8 <SV = 7> <Delay = 7.30>
ST_8 : Operation 54 [1/1] (0.00ns)   --->   "%spectopmodule_ln0 = spectopmodule void @_ssdm_op_SpecTopModule, void @empty_11"   --->   Operation 54 'spectopmodule' 'spectopmodule_ln0' <Predicate = true> <Delay = 0.00>
ST_8 : Operation 55 [1/1] (0.00ns)   --->   "%specinterface_ln0 = specinterface void @_ssdm_op_SpecInterface, i32 %input_r, void @empty, i32 0, i32 0, void @empty_0, i32 0, i32 50, void @empty_1, void @empty_2, void @empty_0, i32 16, i32 16, i32 16, i32 16, void @empty_0, void @empty_0"   --->   Operation 55 'specinterface' 'specinterface_ln0' <Predicate = true> <Delay = 0.00>
ST_8 : Operation 56 [1/1] (0.00ns)   --->   "%specbitsmap_ln0 = specbitsmap void @_ssdm_op_SpecBitsMap, i32 %input_r"   --->   Operation 56 'specbitsmap' 'specbitsmap_ln0' <Predicate = true> <Delay = 0.00>
ST_8 : Operation 57 [1/1] (0.00ns)   --->   "%specinterface_ln0 = specinterface void @_ssdm_op_SpecInterface, i32 %output_r, void @empty, i32 0, i32 0, void @empty_0, i32 0, i32 50, void @empty_3, void @empty_2, void @empty_0, i32 16, i32 16, i32 16, i32 16, void @empty_0, void @empty_0"   --->   Operation 57 'specinterface' 'specinterface_ln0' <Predicate = true> <Delay = 0.00>
ST_8 : Operation 58 [1/1] (0.00ns)   --->   "%specbitsmap_ln0 = specbitsmap void @_ssdm_op_SpecBitsMap, i32 %output_r"   --->   Operation 58 'specbitsmap' 'specbitsmap_ln0' <Predicate = true> <Delay = 0.00>
ST_8 : Operation 59 [1/1] (0.00ns)   --->   "%specinterface_ln0 = specinterface void @_ssdm_op_SpecInterface, i64 %in_r, void @empty_4, i32 0, i32 0, void @empty_0, i32 0, i32 0, void @empty_5, void @empty_6, void @empty_0, i32 0, i32 0, i32 0, i32 0, void @empty_0, void @empty_7"   --->   Operation 59 'specinterface' 'specinterface_ln0' <Predicate = true> <Delay = 0.00>
ST_8 : Operation 60 [1/1] (0.00ns)   --->   "%specinterface_ln0 = specinterface void @_ssdm_op_SpecInterface, i64 %in_r, void @empty_8, i32 0, i32 0, void @empty_0, i32 0, i32 0, void @empty_0, void @empty_0, void @empty_0, i32 0, i32 0, i32 0, i32 0, void @empty_0, void @empty_7"   --->   Operation 60 'specinterface' 'specinterface_ln0' <Predicate = true> <Delay = 0.00>
ST_8 : Operation 61 [1/1] (0.00ns)   --->   "%specinterface_ln0 = specinterface void @_ssdm_op_SpecInterface, i64 %out_r, void @empty_4, i32 0, i32 0, void @empty_0, i32 0, i32 0, void @empty_5, void @empty_9, void @empty_0, i32 0, i32 0, i32 0, i32 0, void @empty_0, void @empty_7"   --->   Operation 61 'specinterface' 'specinterface_ln0' <Predicate = true> <Delay = 0.00>
ST_8 : Operation 62 [1/1] (0.00ns)   --->   "%specinterface_ln0 = specinterface void @_ssdm_op_SpecInterface, i64 %out_r, void @empty_8, i32 0, i32 0, void @empty_0, i32 0, i32 0, void @empty_0, void @empty_0, void @empty_0, i32 0, i32 0, i32 0, i32 0, void @empty_0, void @empty_7"   --->   Operation 62 'specinterface' 'specinterface_ln0' <Predicate = true> <Delay = 0.00>
ST_8 : Operation 63 [1/1] (0.00ns)   --->   "%specbitsmap_ln0 = specbitsmap void @_ssdm_op_SpecBitsMap, i32 %len"   --->   Operation 63 'specbitsmap' 'specbitsmap_ln0' <Predicate = true> <Delay = 0.00>
ST_8 : Operation 64 [1/1] (0.00ns)   --->   "%specinterface_ln0 = specinterface void @_ssdm_op_SpecInterface, i32 %len, void @empty_4, i32 0, i32 0, void @empty_0, i32 0, i32 0, void @empty_5, void @empty_10, void @empty_0, i32 0, i32 0, i32 0, i32 0, void @empty_0, void @empty_0"   --->   Operation 64 'specinterface' 'specinterface_ln0' <Predicate = true> <Delay = 0.00>
ST_8 : Operation 65 [1/1] (0.00ns)   --->   "%specinterface_ln0 = specinterface void @_ssdm_op_SpecInterface, i32 %len, void @empty_8, i32 0, i32 0, void @empty_0, i32 0, i32 0, void @empty_0, void @empty_0, void @empty_0, i32 0, i32 0, i32 0, i32 0, void @empty_0, void @empty_0"   --->   Operation 65 'specinterface' 'specinterface_ln0' <Predicate = true> <Delay = 0.00>
ST_8 : Operation 66 [1/1] (0.00ns)   --->   "%specinterface_ln0 = specinterface void @_ssdm_op_SpecInterface, i32 0, void @empty_4, i32 0, i32 0, void @empty_0, i32 0, i32 0, void @empty_5, void @empty_0, void @empty_0, i32 0, i32 0, i32 0, i32 0, void @empty_0, void @empty_0"   --->   Operation 66 'specinterface' 'specinterface_ln0' <Predicate = true> <Delay = 0.00>
ST_8 : Operation 67 [1/7] (7.30ns)   --->   "%empty = readreq i1 @_ssdm_op_ReadReq.m_axi.p1i32, i32 %input_r_addr, i32 50" [axi4_sqrt.cpp:24]   --->   Operation 67 'readreq' 'empty' <Predicate = true> <Delay = 7.30> <CoreInst = "m_axi">   --->   Core 113 'm_axi' <Latency = 6> <II = 1> <Delay = 1.00> <Adapter> <Opcode : 'read' 'write' 'readreq' 'writereq' 'writeresp'>
ST_8 : Operation 68 [1/1] (1.58ns)   --->   "%br_ln24 = br void %load-store-loop4" [axi4_sqrt.cpp:24]   --->   Operation 68 'br' 'br_ln24' <Predicate = true> <Delay = 1.58>

State 9 <SV = 8> <Delay = 1.82>
ST_9 : Operation 69 [1/1] (0.00ns)   --->   "%loop_index5 = phi i6 0, void, i6 %empty_18, void %load-store-loop4.split"   --->   Operation 69 'phi' 'loop_index5' <Predicate = true> <Delay = 0.00>
ST_9 : Operation 70 [1/1] (1.82ns)   --->   "%empty_18 = add i6 %loop_index5, i6 1"   --->   Operation 70 'add' 'empty_18' <Predicate = true> <Delay = 1.82> <CoreInst = "Adder">   --->   Core 1 'Adder' <Latency = 0> <II = 1> <Delay = 1.82> <FuncUnit> <Opcode : 'add' 'sub'> <InPorts = 2> <OutPorts = 1>
ST_9 : Operation 71 [1/1] (0.00ns)   --->   "%specpipeline_ln0 = specpipeline void @_ssdm_op_SpecPipeline, i32 4294967295, i32 0, i32 1, i32 0, void @p_str"   --->   Operation 71 'specpipeline' 'specpipeline_ln0' <Predicate = true> <Delay = 0.00>
ST_9 : Operation 72 [1/1] (1.42ns)   --->   "%exitcond74 = icmp_eq  i6 %loop_index5, i6 50"   --->   Operation 72 'icmp' 'exitcond74' <Predicate = true> <Delay = 1.42> <CoreInst = "Cmp">   --->   Core 9 'Cmp' <Latency = 0> <II = 1> <Delay = 1.42> <FuncUnit> <Opcode : 'icmp'> <InPorts = 2> <OutPorts = 1>
ST_9 : Operation 73 [1/1] (0.00ns)   --->   "%empty_19 = speclooptripcount i32 @_ssdm_op_SpecLoopTripCount, i64 50, i64 50, i64 50"   --->   Operation 73 'speclooptripcount' 'empty_19' <Predicate = true> <Delay = 0.00>
ST_9 : Operation 74 [1/1] (0.00ns)   --->   "%br_ln0 = br i1 %exitcond74, void %load-store-loop4.split, void %memcpy-split3.preheader"   --->   Operation 74 'br' 'br_ln0' <Predicate = true> <Delay = 0.00>

State 10 <SV = 9> <Delay = 7.30>
ST_10 : Operation 75 [1/1] (7.30ns)   --->   "%input_r_addr_read = read i32 @_ssdm_op_Read.m_axi.p1i32, i32 %input_r_addr" [axi4_sqrt.cpp:24]   --->   Operation 75 'read' 'input_r_addr_read' <Predicate = (!exitcond74)> <Delay = 7.30> <CoreInst = "m_axi">   --->   Core 113 'm_axi' <Latency = 6> <II = 1> <Delay = 1.00> <Adapter> <Opcode : 'read' 'write' 'readreq' 'writereq' 'writeresp'>

State 11 <SV = 10> <Delay = 3.25>
ST_11 : Operation 76 [1/1] (0.00ns)   --->   "%loop_index5_cast = zext i6 %loop_index5"   --->   Operation 76 'zext' 'loop_index5_cast' <Predicate = (!exitcond74)> <Delay = 0.00>
ST_11 : Operation 77 [1/1] (0.00ns)   --->   "%empty_20 = bitcast i32 %input_r_addr_read" [axi4_sqrt.cpp:24]   --->   Operation 77 'bitcast' 'empty_20' <Predicate = (!exitcond74)> <Delay = 0.00>
ST_11 : Operation 78 [1/1] (0.00ns)   --->   "%buff_addr = getelementptr i32 %buff, i64 0, i64 %loop_index5_cast"   --->   Operation 78 'getelementptr' 'buff_addr' <Predicate = (!exitcond74)> <Delay = 0.00>
ST_11 : Operation 79 [1/1] (3.25ns)   --->   "%store_ln24 = store i32 %empty_20, i6 %buff_addr" [axi4_sqrt.cpp:24]   --->   Operation 79 'store' 'store_ln24' <Predicate = (!exitcond74)> <Delay = 3.25> <CoreInst = "RAM">   --->   Core 82 'RAM' <Latency = 1> <II = 1> <Delay = 3.25> <Storage> <Opcode : 'load' 'store'> <Ports = 2> <Width = 32> <Depth = 50> <RAM>
ST_11 : Operation 80 [1/1] (0.00ns)   --->   "%br_ln0 = br void %load-store-loop4"   --->   Operation 80 'br' 'br_ln0' <Predicate = (!exitcond74)> <Delay = 0.00>

State 12 <SV = 9> <Delay = 1.58>
ST_12 : Operation 81 [1/1] (1.58ns)   --->   "%br_ln0 = br void %memcpy-split3"   --->   Operation 81 'br' 'br_ln0' <Predicate = true> <Delay = 1.58>

State 13 <SV = 10> <Delay = 3.25>
ST_13 : Operation 82 [1/1] (0.00ns)   --->   "%i = phi i6 %add_ln26, void %.split, i6 0, void %memcpy-split3.preheader" [axi4_sqrt.cpp:26]   --->   Operation 82 'phi' 'i' <Predicate = true> <Delay = 0.00>
ST_13 : Operation 83 [1/1] (1.82ns)   --->   "%add_ln26 = add i6 %i, i6 1" [axi4_sqrt.cpp:26]   --->   Operation 83 'add' 'add_ln26' <Predicate = true> <Delay = 1.82> <CoreInst = "Adder">   --->   Core 1 'Adder' <Latency = 0> <II = 1> <Delay = 1.82> <FuncUnit> <Opcode : 'add' 'sub'> <InPorts = 2> <OutPorts = 1>
ST_13 : Operation 84 [1/1] (0.00ns)   --->   "%i_cast = zext i6 %i" [axi4_sqrt.cpp:26]   --->   Operation 84 'zext' 'i_cast' <Predicate = true> <Delay = 0.00>
ST_13 : Operation 85 [1/1] (0.00ns)   --->   "%specpipeline_ln0 = specpipeline void @_ssdm_op_SpecPipeline, i32 4294967295, i32 0, i32 1, i32 0, void @p_str"   --->   Operation 85 'specpipeline' 'specpipeline_ln0' <Predicate = true> <Delay = 0.00>
ST_13 : Operation 86 [1/1] (2.47ns)   --->   "%icmp_ln26 = icmp_eq  i32 %i_cast, i32 %len_read" [axi4_sqrt.cpp:26]   --->   Operation 86 'icmp' 'icmp_ln26' <Predicate = true> <Delay = 2.47> <CoreInst = "Cmp">   --->   Core 9 'Cmp' <Latency = 0> <II = 1> <Delay = 1.42> <FuncUnit> <Opcode : 'icmp'> <InPorts = 2> <OutPorts = 1>
ST_13 : Operation 87 [1/1] (0.00ns)   --->   "%br_ln26 = br i1 %icmp_ln26, void %.split, void %._crit_edge.loopexit" [axi4_sqrt.cpp:26]   --->   Operation 87 'br' 'br_ln26' <Predicate = true> <Delay = 0.00>
ST_13 : Operation 88 [1/1] (0.00ns)   --->   "%i_cast1 = zext i6 %i" [axi4_sqrt.cpp:26]   --->   Operation 88 'zext' 'i_cast1' <Predicate = (!icmp_ln26)> <Delay = 0.00>
ST_13 : Operation 89 [1/1] (0.00ns)   --->   "%buff_addr_1 = getelementptr i32 %buff, i64 0, i64 %i_cast1" [axi4_sqrt.cpp:27]   --->   Operation 89 'getelementptr' 'buff_addr_1' <Predicate = (!icmp_ln26)> <Delay = 0.00>
ST_13 : Operation 90 [2/2] (3.25ns)   --->   "%buff_load = load i6 %buff_addr_1" [axi4_sqrt.cpp:27]   --->   Operation 90 'load' 'buff_load' <Predicate = (!icmp_ln26)> <Delay = 3.25> <CoreInst = "RAM">   --->   Core 82 'RAM' <Latency = 1> <II = 1> <Delay = 3.25> <Storage> <Opcode : 'load' 'store'> <Ports = 2> <Width = 32> <Depth = 50> <RAM>

State 14 <SV = 11> <Delay = 3.25>
ST_14 : Operation 91 [1/2] (3.25ns)   --->   "%buff_load = load i6 %buff_addr_1" [axi4_sqrt.cpp:27]   --->   Operation 91 'load' 'buff_load' <Predicate = (!icmp_ln26)> <Delay = 3.25> <CoreInst = "RAM">   --->   Core 82 'RAM' <Latency = 1> <II = 1> <Delay = 3.25> <Storage> <Opcode : 'load' 'store'> <Ports = 2> <Width = 32> <Depth = 50> <RAM>

State 15 <SV = 12> <Delay = 6.23>
ST_15 : Operation 92 [16/16] (6.23ns)   --->   "%tmp = fsqrt i32 @llvm.sqrt.f32, i32 %buff_load" [axi4_sqrt.cpp:27]   --->   Operation 92 'fsqrt' 'tmp' <Predicate = (!icmp_ln26)> <Delay = 6.23> <CoreInst = "FSqrt">   --->   Core 35 'FSqrt' <Latency = 15> <II = 1> <Delay = 6.23> <FuncUnit> <Opcode : 'fsqrt'> <InPorts = 1> <OutPorts = 1>

State 16 <SV = 13> <Delay = 6.23>
ST_16 : Operation 93 [15/16] (6.23ns)   --->   "%tmp = fsqrt i32 @llvm.sqrt.f32, i32 %buff_load" [axi4_sqrt.cpp:27]   --->   Operation 93 'fsqrt' 'tmp' <Predicate = (!icmp_ln26)> <Delay = 6.23> <CoreInst = "FSqrt">   --->   Core 35 'FSqrt' <Latency = 15> <II = 1> <Delay = 6.23> <FuncUnit> <Opcode : 'fsqrt'> <InPorts = 1> <OutPorts = 1>

State 17 <SV = 14> <Delay = 6.23>
ST_17 : Operation 94 [14/16] (6.23ns)   --->   "%tmp = fsqrt i32 @llvm.sqrt.f32, i32 %buff_load" [axi4_sqrt.cpp:27]   --->   Operation 94 'fsqrt' 'tmp' <Predicate = (!icmp_ln26)> <Delay = 6.23> <CoreInst = "FSqrt">   --->   Core 35 'FSqrt' <Latency = 15> <II = 1> <Delay = 6.23> <FuncUnit> <Opcode : 'fsqrt'> <InPorts = 1> <OutPorts = 1>

State 18 <SV = 15> <Delay = 6.23>
ST_18 : Operation 95 [13/16] (6.23ns)   --->   "%tmp = fsqrt i32 @llvm.sqrt.f32, i32 %buff_load" [axi4_sqrt.cpp:27]   --->   Operation 95 'fsqrt' 'tmp' <Predicate = (!icmp_ln26)> <Delay = 6.23> <CoreInst = "FSqrt">   --->   Core 35 'FSqrt' <Latency = 15> <II = 1> <Delay = 6.23> <FuncUnit> <Opcode : 'fsqrt'> <InPorts = 1> <OutPorts = 1>

State 19 <SV = 16> <Delay = 6.23>
ST_19 : Operation 96 [12/16] (6.23ns)   --->   "%tmp = fsqrt i32 @llvm.sqrt.f32, i32 %buff_load" [axi4_sqrt.cpp:27]   --->   Operation 96 'fsqrt' 'tmp' <Predicate = (!icmp_ln26)> <Delay = 6.23> <CoreInst = "FSqrt">   --->   Core 35 'FSqrt' <Latency = 15> <II = 1> <Delay = 6.23> <FuncUnit> <Opcode : 'fsqrt'> <InPorts = 1> <OutPorts = 1>

State 20 <SV = 17> <Delay = 6.23>
ST_20 : Operation 97 [11/16] (6.23ns)   --->   "%tmp = fsqrt i32 @llvm.sqrt.f32, i32 %buff_load" [axi4_sqrt.cpp:27]   --->   Operation 97 'fsqrt' 'tmp' <Predicate = (!icmp_ln26)> <Delay = 6.23> <CoreInst = "FSqrt">   --->   Core 35 'FSqrt' <Latency = 15> <II = 1> <Delay = 6.23> <FuncUnit> <Opcode : 'fsqrt'> <InPorts = 1> <OutPorts = 1>

State 21 <SV = 18> <Delay = 6.23>
ST_21 : Operation 98 [10/16] (6.23ns)   --->   "%tmp = fsqrt i32 @llvm.sqrt.f32, i32 %buff_load" [axi4_sqrt.cpp:27]   --->   Operation 98 'fsqrt' 'tmp' <Predicate = (!icmp_ln26)> <Delay = 6.23> <CoreInst = "FSqrt">   --->   Core 35 'FSqrt' <Latency = 15> <II = 1> <Delay = 6.23> <FuncUnit> <Opcode : 'fsqrt'> <InPorts = 1> <OutPorts = 1>

State 22 <SV = 19> <Delay = 6.23>
ST_22 : Operation 99 [9/16] (6.23ns)   --->   "%tmp = fsqrt i32 @llvm.sqrt.f32, i32 %buff_load" [axi4_sqrt.cpp:27]   --->   Operation 99 'fsqrt' 'tmp' <Predicate = (!icmp_ln26)> <Delay = 6.23> <CoreInst = "FSqrt">   --->   Core 35 'FSqrt' <Latency = 15> <II = 1> <Delay = 6.23> <FuncUnit> <Opcode : 'fsqrt'> <InPorts = 1> <OutPorts = 1>

State 23 <SV = 20> <Delay = 6.23>
ST_23 : Operation 100 [8/16] (6.23ns)   --->   "%tmp = fsqrt i32 @llvm.sqrt.f32, i32 %buff_load" [axi4_sqrt.cpp:27]   --->   Operation 100 'fsqrt' 'tmp' <Predicate = (!icmp_ln26)> <Delay = 6.23> <CoreInst = "FSqrt">   --->   Core 35 'FSqrt' <Latency = 15> <II = 1> <Delay = 6.23> <FuncUnit> <Opcode : 'fsqrt'> <InPorts = 1> <OutPorts = 1>

State 24 <SV = 21> <Delay = 6.23>
ST_24 : Operation 101 [7/16] (6.23ns)   --->   "%tmp = fsqrt i32 @llvm.sqrt.f32, i32 %buff_load" [axi4_sqrt.cpp:27]   --->   Operation 101 'fsqrt' 'tmp' <Predicate = (!icmp_ln26)> <Delay = 6.23> <CoreInst = "FSqrt">   --->   Core 35 'FSqrt' <Latency = 15> <II = 1> <Delay = 6.23> <FuncUnit> <Opcode : 'fsqrt'> <InPorts = 1> <OutPorts = 1>

State 25 <SV = 22> <Delay = 6.23>
ST_25 : Operation 102 [6/16] (6.23ns)   --->   "%tmp = fsqrt i32 @llvm.sqrt.f32, i32 %buff_load" [axi4_sqrt.cpp:27]   --->   Operation 102 'fsqrt' 'tmp' <Predicate = (!icmp_ln26)> <Delay = 6.23> <CoreInst = "FSqrt">   --->   Core 35 'FSqrt' <Latency = 15> <II = 1> <Delay = 6.23> <FuncUnit> <Opcode : 'fsqrt'> <InPorts = 1> <OutPorts = 1>

State 26 <SV = 23> <Delay = 6.23>
ST_26 : Operation 103 [5/16] (6.23ns)   --->   "%tmp = fsqrt i32 @llvm.sqrt.f32, i32 %buff_load" [axi4_sqrt.cpp:27]   --->   Operation 103 'fsqrt' 'tmp' <Predicate = (!icmp_ln26)> <Delay = 6.23> <CoreInst = "FSqrt">   --->   Core 35 'FSqrt' <Latency = 15> <II = 1> <Delay = 6.23> <FuncUnit> <Opcode : 'fsqrt'> <InPorts = 1> <OutPorts = 1>

State 27 <SV = 24> <Delay = 6.23>
ST_27 : Operation 104 [4/16] (6.23ns)   --->   "%tmp = fsqrt i32 @llvm.sqrt.f32, i32 %buff_load" [axi4_sqrt.cpp:27]   --->   Operation 104 'fsqrt' 'tmp' <Predicate = (!icmp_ln26)> <Delay = 6.23> <CoreInst = "FSqrt">   --->   Core 35 'FSqrt' <Latency = 15> <II = 1> <Delay = 6.23> <FuncUnit> <Opcode : 'fsqrt'> <InPorts = 1> <OutPorts = 1>

State 28 <SV = 25> <Delay = 6.23>
ST_28 : Operation 105 [3/16] (6.23ns)   --->   "%tmp = fsqrt i32 @llvm.sqrt.f32, i32 %buff_load" [axi4_sqrt.cpp:27]   --->   Operation 105 'fsqrt' 'tmp' <Predicate = (!icmp_ln26)> <Delay = 6.23> <CoreInst = "FSqrt">   --->   Core 35 'FSqrt' <Latency = 15> <II = 1> <Delay = 6.23> <FuncUnit> <Opcode : 'fsqrt'> <InPorts = 1> <OutPorts = 1>

State 29 <SV = 26> <Delay = 6.23>
ST_29 : Operation 106 [2/16] (6.23ns)   --->   "%tmp = fsqrt i32 @llvm.sqrt.f32, i32 %buff_load" [axi4_sqrt.cpp:27]   --->   Operation 106 'fsqrt' 'tmp' <Predicate = (!icmp_ln26)> <Delay = 6.23> <CoreInst = "FSqrt">   --->   Core 35 'FSqrt' <Latency = 15> <II = 1> <Delay = 6.23> <FuncUnit> <Opcode : 'fsqrt'> <InPorts = 1> <OutPorts = 1>

State 30 <SV = 27> <Delay = 6.23>
ST_30 : Operation 107 [1/16] (6.23ns)   --->   "%tmp = fsqrt i32 @llvm.sqrt.f32, i32 %buff_load" [axi4_sqrt.cpp:27]   --->   Operation 107 'fsqrt' 'tmp' <Predicate = (!icmp_ln26)> <Delay = 6.23> <CoreInst = "FSqrt">   --->   Core 35 'FSqrt' <Latency = 15> <II = 1> <Delay = 6.23> <FuncUnit> <Opcode : 'fsqrt'> <InPorts = 1> <OutPorts = 1>

State 31 <SV = 28> <Delay = 3.25>
ST_31 : Operation 108 [1/1] (0.00ns)   --->   "%specloopname_ln20 = specloopname void @_ssdm_op_SpecLoopName, void @empty_12" [axi4_sqrt.cpp:20]   --->   Operation 108 'specloopname' 'specloopname_ln20' <Predicate = (!icmp_ln26)> <Delay = 0.00>
ST_31 : Operation 109 [1/1] (3.25ns)   --->   "%store_ln27 = store i32 %tmp, i6 %buff_addr_1" [axi4_sqrt.cpp:27]   --->   Operation 109 'store' 'store_ln27' <Predicate = (!icmp_ln26)> <Delay = 3.25> <CoreInst = "RAM">   --->   Core 82 'RAM' <Latency = 1> <II = 1> <Delay = 3.25> <Storage> <Opcode : 'load' 'store'> <Ports = 2> <Width = 32> <Depth = 50> <RAM>
ST_31 : Operation 110 [1/1] (0.00ns)   --->   "%br_ln0 = br void %memcpy-split3"   --->   Operation 110 'br' 'br_ln0' <Predicate = (!icmp_ln26)> <Delay = 0.00>

State 32 <SV = 11> <Delay = 7.30>
ST_32 : Operation 111 [1/1] (0.00ns)   --->   "%trunc_ln1 = partselect i62 @_ssdm_op_PartSelect.i62.i64.i32.i32, i64 %out_r_read, i32 2, i32 63" [axi4_sqrt.cpp:30]   --->   Operation 111 'partselect' 'trunc_ln1' <Predicate = true> <Delay = 0.00>
ST_32 : Operation 112 [1/1] (0.00ns)   --->   "%sext_ln30 = sext i62 %trunc_ln1" [axi4_sqrt.cpp:30]   --->   Operation 112 'sext' 'sext_ln30' <Predicate = true> <Delay = 0.00>
ST_32 : Operation 113 [1/1] (0.00ns)   --->   "%output_r_addr = getelementptr i32 %output_r, i64 %sext_ln30" [axi4_sqrt.cpp:30]   --->   Operation 113 'getelementptr' 'output_r_addr' <Predicate = true> <Delay = 0.00>
ST_32 : Operation 114 [1/1] (7.30ns)   --->   "%empty_21 = writereq i1 @_ssdm_op_WriteReq.m_axi.p1i32, i32 %output_r_addr, i32 50" [axi4_sqrt.cpp:30]   --->   Operation 114 'writereq' 'empty_21' <Predicate = true> <Delay = 7.30> <CoreInst = "m_axi">   --->   Core 113 'm_axi' <Latency = 6> <II = 1> <Delay = 1.00> <Adapter> <Opcode : 'read' 'write' 'readreq' 'writereq' 'writeresp'>
ST_32 : Operation 115 [1/1] (1.58ns)   --->   "%br_ln30 = br void %load-store-loop" [axi4_sqrt.cpp:30]   --->   Operation 115 'br' 'br_ln30' <Predicate = true> <Delay = 1.58>

State 33 <SV = 12> <Delay = 3.25>
ST_33 : Operation 116 [1/1] (0.00ns)   --->   "%loop_index = phi i6 0, void %._crit_edge.loopexit, i6 %empty_22, void %load-store-loop.split"   --->   Operation 116 'phi' 'loop_index' <Predicate = true> <Delay = 0.00>
ST_33 : Operation 117 [1/1] (1.82ns)   --->   "%empty_22 = add i6 %loop_index, i6 1"   --->   Operation 117 'add' 'empty_22' <Predicate = true> <Delay = 1.82> <CoreInst = "Adder">   --->   Core 1 'Adder' <Latency = 0> <II = 1> <Delay = 1.82> <FuncUnit> <Opcode : 'add' 'sub'> <InPorts = 2> <OutPorts = 1>
ST_33 : Operation 118 [1/1] (0.00ns)   --->   "%specpipeline_ln0 = specpipeline void @_ssdm_op_SpecPipeline, i32 4294967295, i32 0, i32 1, i32 0, void @p_str"   --->   Operation 118 'specpipeline' 'specpipeline_ln0' <Predicate = true> <Delay = 0.00>
ST_33 : Operation 119 [1/1] (1.42ns)   --->   "%exitcond2 = icmp_eq  i6 %loop_index, i6 50"   --->   Operation 119 'icmp' 'exitcond2' <Predicate = true> <Delay = 1.42> <CoreInst = "Cmp">   --->   Core 9 'Cmp' <Latency = 0> <II = 1> <Delay = 1.42> <FuncUnit> <Opcode : 'icmp'> <InPorts = 2> <OutPorts = 1>
ST_33 : Operation 120 [1/1] (0.00ns)   --->   "%empty_23 = speclooptripcount i32 @_ssdm_op_SpecLoopTripCount, i64 50, i64 50, i64 50"   --->   Operation 120 'speclooptripcount' 'empty_23' <Predicate = true> <Delay = 0.00>
ST_33 : Operation 121 [1/1] (0.00ns)   --->   "%br_ln0 = br i1 %exitcond2, void %load-store-loop.split, void %memcpy-split"   --->   Operation 121 'br' 'br_ln0' <Predicate = true> <Delay = 0.00>
ST_33 : Operation 122 [1/1] (0.00ns)   --->   "%loop_index_cast = zext i6 %loop_index"   --->   Operation 122 'zext' 'loop_index_cast' <Predicate = (!exitcond2)> <Delay = 0.00>
ST_33 : Operation 123 [1/1] (0.00ns)   --->   "%buff_addr_2 = getelementptr i32 %buff, i64 0, i64 %loop_index_cast"   --->   Operation 123 'getelementptr' 'buff_addr_2' <Predicate = (!exitcond2)> <Delay = 0.00>
ST_33 : Operation 124 [2/2] (3.25ns)   --->   "%buff_load_1 = load i6 %buff_addr_2"   --->   Operation 124 'load' 'buff_load_1' <Predicate = (!exitcond2)> <Delay = 3.25> <CoreInst = "RAM">   --->   Core 82 'RAM' <Latency = 1> <II = 1> <Delay = 3.25> <Storage> <Opcode : 'load' 'store'> <Ports = 2> <Width = 32> <Depth = 50> <RAM>

State 34 <SV = 13> <Delay = 3.25>
ST_34 : Operation 125 [1/2] (3.25ns)   --->   "%buff_load_1 = load i6 %buff_addr_2"   --->   Operation 125 'load' 'buff_load_1' <Predicate = (!exitcond2)> <Delay = 3.25> <CoreInst = "RAM">   --->   Core 82 'RAM' <Latency = 1> <II = 1> <Delay = 3.25> <Storage> <Opcode : 'load' 'store'> <Ports = 2> <Width = 32> <Depth = 50> <RAM>

State 35 <SV = 14> <Delay = 7.30>
ST_35 : Operation 126 [1/1] (0.00ns)   --->   "%empty_24 = bitcast i32 %buff_load_1"   --->   Operation 126 'bitcast' 'empty_24' <Predicate = (!exitcond2)> <Delay = 0.00>
ST_35 : Operation 127 [1/1] (7.30ns)   --->   "%write_ln30 = write void @_ssdm_op_Write.m_axi.p1i32, i32 %output_r_addr, i32 %empty_24, i4 15" [axi4_sqrt.cpp:30]   --->   Operation 127 'write' 'write_ln30' <Predicate = (!exitcond2)> <Delay = 7.30> <CoreInst = "m_axi">   --->   Core 113 'm_axi' <Latency = 6> <II = 1> <Delay = 1.00> <Adapter> <Opcode : 'read' 'write' 'readreq' 'writereq' 'writeresp'>
ST_35 : Operation 128 [1/1] (0.00ns)   --->   "%br_ln0 = br void %load-store-loop"   --->   Operation 128 'br' 'br_ln0' <Predicate = (!exitcond2)> <Delay = 0.00>

State 36 <SV = 13> <Delay = 7.30>
ST_36 : Operation 129 [5/5] (7.30ns)   --->   "%empty_25 = writeresp i1 @_ssdm_op_WriteResp.m_axi.p1i32, i32 %output_r_addr" [axi4_sqrt.cpp:31]   --->   Operation 129 'writeresp' 'empty_25' <Predicate = true> <Delay = 7.30> <CoreInst = "m_axi">   --->   Core 113 'm_axi' <Latency = 6> <II = 1> <Delay = 1.00> <Adapter> <Opcode : 'read' 'write' 'readreq' 'writereq' 'writeresp'>

State 37 <SV = 14> <Delay = 7.30>
ST_37 : Operation 130 [4/5] (7.30ns)   --->   "%empty_25 = writeresp i1 @_ssdm_op_WriteResp.m_axi.p1i32, i32 %output_r_addr" [axi4_sqrt.cpp:31]   --->   Operation 130 'writeresp' 'empty_25' <Predicate = true> <Delay = 7.30> <CoreInst = "m_axi">   --->   Core 113 'm_axi' <Latency = 6> <II = 1> <Delay = 1.00> <Adapter> <Opcode : 'read' 'write' 'readreq' 'writereq' 'writeresp'>

State 38 <SV = 15> <Delay = 7.30>
ST_38 : Operation 131 [3/5] (7.30ns)   --->   "%empty_25 = writeresp i1 @_ssdm_op_WriteResp.m_axi.p1i32, i32 %output_r_addr" [axi4_sqrt.cpp:31]   --->   Operation 131 'writeresp' 'empty_25' <Predicate = true> <Delay = 7.30> <CoreInst = "m_axi">   --->   Core 113 'm_axi' <Latency = 6> <II = 1> <Delay = 1.00> <Adapter> <Opcode : 'read' 'write' 'readreq' 'writereq' 'writeresp'>

State 39 <SV = 16> <Delay = 7.30>
ST_39 : Operation 132 [2/5] (7.30ns)   --->   "%empty_25 = writeresp i1 @_ssdm_op_WriteResp.m_axi.p1i32, i32 %output_r_addr" [axi4_sqrt.cpp:31]   --->   Operation 132 'writeresp' 'empty_25' <Predicate = true> <Delay = 7.30> <CoreInst = "m_axi">   --->   Core 113 'm_axi' <Latency = 6> <II = 1> <Delay = 1.00> <Adapter> <Opcode : 'read' 'write' 'readreq' 'writereq' 'writeresp'>

State 40 <SV = 17> <Delay = 7.30>
ST_40 : Operation 133 [1/5] (7.30ns)   --->   "%empty_25 = writeresp i1 @_ssdm_op_WriteResp.m_axi.p1i32, i32 %output_r_addr" [axi4_sqrt.cpp:31]   --->   Operation 133 'writeresp' 'empty_25' <Predicate = true> <Delay = 7.30> <CoreInst = "m_axi">   --->   Core 113 'm_axi' <Latency = 6> <II = 1> <Delay = 1.00> <Adapter> <Opcode : 'read' 'write' 'readreq' 'writereq' 'writeresp'>
ST_40 : Operation 134 [1/1] (0.00ns)   --->   "%ret_ln31 = ret" [axi4_sqrt.cpp:31]   --->   Operation 134 'ret' 'ret_ln31' <Predicate = true> <Delay = 0.00>


============================================================
+ Verbose Summary: Binding
============================================================
STG Binding: 
---------------- STG Properties BEGIN ----------------
- Is combinational: 0
- Is one-state seq: 0
- Is datapath-only: 0
- Is pipelined: 0
- Is top level: 1
Port [ Return ] is wired: 1; IO mode=ap_ctrl_hs:ce=0
Port [ input_r]:  wired=1; compound=1; hidden=0; nouse=0; global=0; static=0; extern=0; dir=0; type=4; pingpong=0; private_global=0; IO mode=m_axi:ce=0
Port [ output_r]:  wired=1; compound=1; hidden=0; nouse=0; global=0; static=0; extern=0; dir=1; type=4; pingpong=0; private_global=0; IO mode=m_axi:ce=0
Port [ in_r]:  wired=1; compound=0; hidden=0; nouse=0; global=0; static=0; extern=0; dir=0; type=0; pingpong=0; private_global=0; IO mode=ap_none:ce=0
Port [ out_r]:  wired=1; compound=0; hidden=0; nouse=0; global=0; static=0; extern=0; dir=0; type=0; pingpong=0; private_global=0; IO mode=ap_none:ce=0
Port [ len]:  wired=1; compound=0; hidden=0; nouse=0; global=0; static=0; extern=0; dir=0; type=0; pingpong=0; private_global=0; IO mode=ap_none:ce=0
---------------- STG Properties END ------------------

---------------- Datapath Model BEGIN ----------------

<LifeTime>
<method=bitvector/>
len_read          (read             ) [ 00111111111111111111111111111111000000000]
out_r_read        (read             ) [ 00111111111111111111111111111111100000000]
in_r_read         (read             ) [ 00000000000000000000000000000000000000000]
buff              (alloca           ) [ 00111111111111111111111111111111111100000]
trunc_ln          (partselect       ) [ 00000000000000000000000000000000000000000]
sext_ln24         (sext             ) [ 00000000000000000000000000000000000000000]
input_r_addr      (getelementptr    ) [ 00111111111100000000000000000000000000000]
spectopmodule_ln0 (spectopmodule    ) [ 00000000000000000000000000000000000000000]
specinterface_ln0 (specinterface    ) [ 00000000000000000000000000000000000000000]
specbitsmap_ln0   (specbitsmap      ) [ 00000000000000000000000000000000000000000]
specinterface_ln0 (specinterface    ) [ 00000000000000000000000000000000000000000]
specbitsmap_ln0   (specbitsmap      ) [ 00000000000000000000000000000000000000000]
specinterface_ln0 (specinterface    ) [ 00000000000000000000000000000000000000000]
specinterface_ln0 (specinterface    ) [ 00000000000000000000000000000000000000000]
specinterface_ln0 (specinterface    ) [ 00000000000000000000000000000000000000000]
specinterface_ln0 (specinterface    ) [ 00000000000000000000000000000000000000000]
specbitsmap_ln0   (specbitsmap      ) [ 00000000000000000000000000000000000000000]
specinterface_ln0 (specinterface    ) [ 00000000000000000000000000000000000000000]
specinterface_ln0 (specinterface    ) [ 00000000000000000000000000000000000000000]
specinterface_ln0 (specinterface    ) [ 00000000000000000000000000000000000000000]
empty             (readreq          ) [ 00000000000000000000000000000000000000000]
br_ln24           (br               ) [ 00000000111100000000000000000000000000000]
loop_index5       (phi              ) [ 00000000011100000000000000000000000000000]
empty_18          (add              ) [ 00000000111100000000000000000000000000000]
specpipeline_ln0  (specpipeline     ) [ 00000000000000000000000000000000000000000]
exitcond74        (icmp             ) [ 00000000011100000000000000000000000000000]
empty_19          (speclooptripcount) [ 00000000000000000000000000000000000000000]
br_ln0            (br               ) [ 00000000000000000000000000000000000000000]
input_r_addr_read (read             ) [ 00000000010100000000000000000000000000000]
loop_index5_cast  (zext             ) [ 00000000000000000000000000000000000000000]
empty_20          (bitcast          ) [ 00000000000000000000000000000000000000000]
buff_addr         (getelementptr    ) [ 00000000000000000000000000000000000000000]
store_ln24        (store            ) [ 00000000000000000000000000000000000000000]
br_ln0            (br               ) [ 00000000111100000000000000000000000000000]
br_ln0            (br               ) [ 00000000000011111111111111111111000000000]
i                 (phi              ) [ 00000000000001000000000000000000000000000]
add_ln26          (add              ) [ 00000000000011111111111111111111000000000]
i_cast            (zext             ) [ 00000000000000000000000000000000000000000]
specpipeline_ln0  (specpipeline     ) [ 00000000000000000000000000000000000000000]
icmp_ln26         (icmp             ) [ 00000000000001111111111111111111000000000]
br_ln26           (br               ) [ 00000000000000000000000000000000000000000]
i_cast1           (zext             ) [ 00000000000000000000000000000000000000000]
buff_addr_1       (getelementptr    ) [ 00000000000001111111111111111111000000000]
buff_load         (load             ) [ 00000000000001011111111111111110000000000]
tmp               (fsqrt            ) [ 00000000000001000000000000000001000000000]
specloopname_ln20 (specloopname     ) [ 00000000000000000000000000000000000000000]
store_ln27        (store            ) [ 00000000000000000000000000000000000000000]
br_ln0            (br               ) [ 00000000000011111111111111111111000000000]
trunc_ln1         (partselect       ) [ 00000000000000000000000000000000000000000]
sext_ln30         (sext             ) [ 00000000000000000000000000000000000000000]
output_r_addr     (getelementptr    ) [ 00000000000000000000000000000000011111111]
empty_21          (writereq         ) [ 00000000000000000000000000000000000000000]
br_ln30           (br               ) [ 00000000000000000000000000000000111100000]
loop_index        (phi              ) [ 00000000000000000000000000000000010000000]
empty_22          (add              ) [ 00000000000000000000000000000000111100000]
specpipeline_ln0  (specpipeline     ) [ 00000000000000000000000000000000000000000]
exitcond2         (icmp             ) [ 00000000000000000000000000000000011100000]
empty_23          (speclooptripcount) [ 00000000000000000000000000000000000000000]
br_ln0            (br               ) [ 00000000000000000000000000000000000000000]
loop_index_cast   (zext             ) [ 00000000000000000000000000000000000000000]
buff_addr_2       (getelementptr    ) [ 00000000000000000000000000000000011000000]
buff_load_1       (load             ) [ 00000000000000000000000000000000010100000]
empty_24          (bitcast          ) [ 00000000000000000000000000000000000000000]
write_ln30        (write            ) [ 00000000000000000000000000000000000000000]
br_ln0            (br               ) [ 00000000000000000000000000000000111100000]
empty_25          (writeresp        ) [ 00000000000000000000000000000000000000000]
ret_ln31          (ret              ) [ 00000000000000000000000000000000000000000]
</LifeTime>

<model>

<comp_list>
<comp id="0" class="1000" name="input_r">
<pin_list>
<pin id="1" dir="1" index="0" bw="1" slack="0"/>
</pin_list>
<bind>
<StgValue><ssdm name="input_r"/></StgValue>
</bind>
</comp>

<comp id="2" class="1000" name="output_r">
<pin_list>
<pin id="3" dir="1" index="0" bw="1" slack="0"/>
</pin_list>
<bind>
<StgValue><ssdm name="output_r"/></StgValue>
</bind>
</comp>

<comp id="4" class="1000" name="in_r">
<pin_list>
<pin id="5" dir="1" index="0" bw="1" slack="0"/>
</pin_list>
<bind>
<StgValue><ssdm name="in_r"/></StgValue>
</bind>
</comp>

<comp id="6" class="1000" name="out_r">
<pin_list>
<pin id="7" dir="1" index="0" bw="1" slack="0"/>
</pin_list>
<bind>
<StgValue><ssdm name="out_r"/></StgValue>
</bind>
</comp>

<comp id="8" class="1000" name="len">
<pin_list>
<pin id="9" dir="1" index="0" bw="1" slack="0"/>
</pin_list>
<bind>
<StgValue><ssdm name="len"/></StgValue>
</bind>
</comp>

<comp id="10" class="1001" name="const_10">
<pin_list>
<pin id="11" dir="1" index="0" bw="1" slack="0"/>
</pin_list>
<bind>
<StgValue><ssdm name="_ssdm_op_Read.s_axilite.i32"/></StgValue>
</bind>
</comp>

<comp id="12" class="1001" name="const_12">
<pin_list>
<pin id="13" dir="1" index="0" bw="1" slack="0"/>
</pin_list>
<bind>
<StgValue><ssdm name="_ssdm_op_Read.s_axilite.i64"/></StgValue>
</bind>
</comp>

<comp id="14" class="1001" name="const_14">
<pin_list>
<pin id="15" dir="1" index="0" bw="1" slack="0"/>
</pin_list>
<bind>
<StgValue><ssdm name=""/></StgValue>
</bind>
</comp>

<comp id="16" class="1001" name="const_16">
<pin_list>
<pin id="17" dir="1" index="0" bw="1" slack="0"/>
</pin_list>
<bind>
<StgValue><ssdm name="_ssdm_op_PartSelect.i62.i64.i32.i32"/></StgValue>
</bind>
</comp>

<comp id="18" class="1001" name="const_18">
<pin_list>
<pin id="19" dir="1" index="0" bw="1" slack="0"/>
</pin_list>
<bind>
<StgValue><ssdm name=""/></StgValue>
</bind>
</comp>

<comp id="20" class="1001" name="const_20">
<pin_list>
<pin id="21" dir="1" index="0" bw="1" slack="0"/>
</pin_list>
<bind>
<StgValue><ssdm name=""/></StgValue>
</bind>
</comp>

<comp id="22" class="1001" name="const_22">
<pin_list>
<pin id="23" dir="1" index="0" bw="1" slack="0"/>
</pin_list>
<bind>
<StgValue><ssdm name="_ssdm_op_ReadReq.m_axi.p1i32"/></StgValue>
</bind>
</comp>

<comp id="24" class="1001" name="const_24">
<pin_list>
<pin id="25" dir="1" index="0" bw="1" slack="0"/>
</pin_list>
<bind>
<StgValue><ssdm name=""/></StgValue>
</bind>
</comp>

<comp id="26" class="1001" name="const_26">
<pin_list>
<pin id="27" dir="1" index="0" bw="1" slack="2147483647"/>
</pin_list>
<bind>
<StgValue><ssdm name="_ssdm_op_SpecTopModule"/></StgValue>
</bind>
</comp>

<comp id="28" class="1001" name="const_28">
<pin_list>
<pin id="29" dir="1" index="0" bw="1" slack="2147483647"/>
</pin_list>
<bind>
<StgValue><ssdm name="empty_11"/></StgValue>
</bind>
</comp>

<comp id="30" class="1001" name="const_30">
<pin_list>
<pin id="31" dir="1" index="0" bw="1" slack="2147483647"/>
</pin_list>
<bind>
<StgValue><ssdm name="_ssdm_op_SpecInterface"/></StgValue>
</bind>
</comp>

<comp id="32" class="1001" name="const_32">
<pin_list>
<pin id="33" dir="1" index="0" bw="1" slack="2147483647"/>
</pin_list>
<bind>
<StgValue><ssdm name="empty"/></StgValue>
</bind>
</comp>

<comp id="34" class="1001" name="const_34">
<pin_list>
<pin id="35" dir="1" index="0" bw="1" slack="2147483647"/>
</pin_list>
<bind>
<StgValue><ssdm name=""/></StgValue>
</bind>
</comp>

<comp id="36" class="1001" name="const_36">
<pin_list>
<pin id="37" dir="1" index="0" bw="1" slack="2147483647"/>
</pin_list>
<bind>
<StgValue><ssdm name="empty_0"/></StgValue>
</bind>
</comp>

<comp id="38" class="1001" name="const_38">
<pin_list>
<pin id="39" dir="1" index="0" bw="1" slack="2147483647"/>
</pin_list>
<bind>
<StgValue><ssdm name="empty_1"/></StgValue>
</bind>
</comp>

<comp id="40" class="1001" name="const_40">
<pin_list>
<pin id="41" dir="1" index="0" bw="1" slack="2147483647"/>
</pin_list>
<bind>
<StgValue><ssdm name="empty_2"/></StgValue>
</bind>
</comp>

<comp id="42" class="1001" name="const_42">
<pin_list>
<pin id="43" dir="1" index="0" bw="1" slack="2147483647"/>
</pin_list>
<bind>
<StgValue><ssdm name=""/></StgValue>
</bind>
</comp>

<comp id="44" class="1001" name="const_44">
<pin_list>
<pin id="45" dir="1" index="0" bw="1" slack="2147483647"/>
</pin_list>
<bind>
<StgValue><ssdm name="_ssdm_op_SpecBitsMap"/></StgValue>
</bind>
</comp>

<comp id="46" class="1001" name="const_46">
<pin_list>
<pin id="47" dir="1" index="0" bw="1" slack="2147483647"/>
</pin_list>
<bind>
<StgValue><ssdm name="empty_3"/></StgValue>
</bind>
</comp>

<comp id="48" class="1001" name="const_48">
<pin_list>
<pin id="49" dir="1" index="0" bw="1" slack="2147483647"/>
</pin_list>
<bind>
<StgValue><ssdm name="empty_4"/></StgValue>
</bind>
</comp>

<comp id="50" class="1001" name="const_50">
<pin_list>
<pin id="51" dir="1" index="0" bw="1" slack="2147483647"/>
</pin_list>
<bind>
<StgValue><ssdm name="empty_5"/></StgValue>
</bind>
</comp>

<comp id="52" class="1001" name="const_52">
<pin_list>
<pin id="53" dir="1" index="0" bw="1" slack="2147483647"/>
</pin_list>
<bind>
<StgValue><ssdm name="empty_6"/></StgValue>
</bind>
</comp>

<comp id="54" class="1001" name="const_54">
<pin_list>
<pin id="55" dir="1" index="0" bw="1" slack="2147483647"/>
</pin_list>
<bind>
<StgValue><ssdm name="empty_7"/></StgValue>
</bind>
</comp>

<comp id="56" class="1001" name="const_56">
<pin_list>
<pin id="57" dir="1" index="0" bw="1" slack="2147483647"/>
</pin_list>
<bind>
<StgValue><ssdm name="empty_8"/></StgValue>
</bind>
</comp>

<comp id="58" class="1001" name="const_58">
<pin_list>
<pin id="59" dir="1" index="0" bw="1" slack="2147483647"/>
</pin_list>
<bind>
<StgValue><ssdm name="empty_9"/></StgValue>
</bind>
</comp>

<comp id="60" class="1001" name="const_60">
<pin_list>
<pin id="61" dir="1" index="0" bw="1" slack="2147483647"/>
</pin_list>
<bind>
<StgValue><ssdm name="empty_10"/></StgValue>
</bind>
</comp>

<comp id="62" class="1001" name="const_62">
<pin_list>
<pin id="63" dir="1" index="0" bw="1" slack="1"/>
</pin_list>
<bind>
<StgValue><ssdm name=""/></StgValue>
</bind>
</comp>

<comp id="64" class="1001" name="const_64">
<pin_list>
<pin id="65" dir="1" index="0" bw="1" slack="0"/>
</pin_list>
<bind>
<StgValue><ssdm name=""/></StgValue>
</bind>
</comp>

<comp id="66" class="1001" name="const_66">
<pin_list>
<pin id="67" dir="1" index="0" bw="1" slack="2147483647"/>
</pin_list>
<bind>
<StgValue><ssdm name="_ssdm_op_SpecPipeline"/></StgValue>
</bind>
</comp>

<comp id="68" class="1001" name="const_68">
<pin_list>
<pin id="69" dir="1" index="0" bw="1" slack="2147483647"/>
</pin_list>
<bind>
<StgValue><ssdm name=""/></StgValue>
</bind>
</comp>

<comp id="70" class="1001" name="const_70">
<pin_list>
<pin id="71" dir="1" index="0" bw="1" slack="2147483647"/>
</pin_list>
<bind>
<StgValue><ssdm name=""/></StgValue>
</bind>
</comp>

<comp id="72" class="1001" name="const_72">
<pin_list>
<pin id="73" dir="1" index="0" bw="1" slack="2147483647"/>
</pin_list>
<bind>
<StgValue><ssdm name="p_str"/></StgValue>
</bind>
</comp>

<comp id="74" class="1001" name="const_74">
<pin_list>
<pin id="75" dir="1" index="0" bw="1" slack="0"/>
</pin_list>
<bind>
<StgValue><ssdm name=""/></StgValue>
</bind>
</comp>

<comp id="76" class="1001" name="const_76">
<pin_list>
<pin id="77" dir="1" index="0" bw="1" slack="2147483647"/>
</pin_list>
<bind>
<StgValue><ssdm name="_ssdm_op_SpecLoopTripCount"/></StgValue>
</bind>
</comp>

<comp id="78" class="1001" name="const_78">
<pin_list>
<pin id="79" dir="1" index="0" bw="1" slack="2147483647"/>
</pin_list>
<bind>
<StgValue><ssdm name=""/></StgValue>
</bind>
</comp>

<comp id="80" class="1001" name="const_80">
<pin_list>
<pin id="81" dir="1" index="0" bw="1" slack="0"/>
</pin_list>
<bind>
<StgValue><ssdm name="_ssdm_op_Read.m_axi.p1i32"/></StgValue>
</bind>
</comp>

<comp id="82" class="1001" name="const_82">
<pin_list>
<pin id="83" dir="1" index="0" bw="1" slack="0"/>
</pin_list>
<bind>
<StgValue><ssdm name=""/></StgValue>
</bind>
</comp>

<comp id="84" class="1001" name="const_84">
<pin_list>
<pin id="85" dir="1" index="0" bw="1" slack="0"/>
</pin_list>
<bind>
<StgValue><ssdm name="llvm.sqrt.f32"/></StgValue>
</bind>
</comp>

<comp id="86" class="1001" name="const_86">
<pin_list>
<pin id="87" dir="1" index="0" bw="1" slack="2147483647"/>
</pin_list>
<bind>
<StgValue><ssdm name="_ssdm_op_SpecLoopName"/></StgValue>
</bind>
</comp>

<comp id="88" class="1001" name="const_88">
<pin_list>
<pin id="89" dir="1" index="0" bw="1" slack="2147483647"/>
</pin_list>
<bind>
<StgValue><ssdm name="empty_12"/></StgValue>
</bind>
</comp>

<comp id="90" class="1001" name="const_90">
<pin_list>
<pin id="91" dir="1" index="0" bw="1" slack="0"/>
</pin_list>
<bind>
<StgValue><ssdm name="_ssdm_op_WriteReq.m_axi.p1i32"/></StgValue>
</bind>
</comp>

<comp id="92" class="1001" name="const_92">
<pin_list>
<pin id="93" dir="1" index="0" bw="1" slack="0"/>
</pin_list>
<bind>
<StgValue><ssdm name="_ssdm_op_Write.m_axi.p1i32"/></StgValue>
</bind>
</comp>

<comp id="94" class="1001" name="const_94">
<pin_list>
<pin id="95" dir="1" index="0" bw="1" slack="0"/>
</pin_list>
<bind>
<StgValue><ssdm name=""/></StgValue>
</bind>
</comp>

<comp id="96" class="1001" name="const_96">
<pin_list>
<pin id="97" dir="1" index="0" bw="1" slack="0"/>
</pin_list>
<bind>
<StgValue><ssdm name="_ssdm_op_WriteResp.m_axi.p1i32"/></StgValue>
</bind>
</comp>

<comp id="98" class="1004" name="buff_alloca_fu_98">
<pin_list>
<pin id="99" dir="0" index="0" bw="1" slack="0"/>
<pin id="100" dir="1" index="1" bw="32" slack="2147483647"/>
</pin_list>
<bind>
<opcode="alloca(26) " fcode="alloca"/>
<opset="buff/1 "/>
</bind>
</comp>

<comp id="102" class="1004" name="len_read_read_fu_102">
<pin_list>
<pin id="103" dir="0" index="0" bw="32" slack="0"/>
<pin id="104" dir="0" index="1" bw="32" slack="0"/>
<pin id="105" dir="1" index="2" bw="32" slack="10"/>
</pin_list>
<bind>
<opcode="read(1150) " fcode="read"/>
<opset="len_read/1 "/>
</bind>
</comp>

<comp id="108" class="1004" name="out_r_read_read_fu_108">
<pin_list>
<pin id="109" dir="0" index="0" bw="64" slack="0"/>
<pin id="110" dir="0" index="1" bw="64" slack="0"/>
<pin id="111" dir="1" index="2" bw="64" slack="11"/>
</pin_list>
<bind>
<opcode="read(1150) " fcode="read"/>
<opset="out_r_read/1 "/>
</bind>
</comp>

<comp id="114" class="1004" name="in_r_read_read_fu_114">
<pin_list>
<pin id="115" dir="0" index="0" bw="64" slack="0"/>
<pin id="116" dir="0" index="1" bw="64" slack="0"/>
<pin id="117" dir="1" index="2" bw="64" slack="0"/>
</pin_list>
<bind>
<opcode="read(1150) " fcode="read"/>
<opset="in_r_read/1 "/>
</bind>
</comp>

<comp id="120" class="1004" name="grp_readreq_fu_120">
<pin_list>
<pin id="121" dir="0" index="0" bw="1" slack="0"/>
<pin id="122" dir="0" index="1" bw="32" slack="1"/>
<pin id="123" dir="0" index="2" bw="7" slack="0"/>
<pin id="124" dir="1" index="3" bw="1" slack="2147483647"/>
</pin_list>
<bind>
<opcode="readreq(1154) " fcode="readreq"/>
<opset="empty/2 "/>
</bind>
</comp>

<comp id="127" class="1004" name="input_r_addr_read_read_fu_127">
<pin_list>
<pin id="128" dir="0" index="0" bw="32" slack="0"/>
<pin id="129" dir="0" index="1" bw="32" slack="9"/>
<pin id="130" dir="1" index="2" bw="32" slack="1"/>
</pin_list>
<bind>
<opcode="read(1150) " fcode="read"/>
<opset="input_r_addr_read/10 "/>
</bind>
</comp>

<comp id="132" class="1004" name="grp_writeresp_fu_132">
<pin_list>
<pin id="133" dir="0" index="0" bw="1" slack="0"/>
<pin id="134" dir="0" index="1" bw="32" slack="0"/>
<pin id="135" dir="0" index="2" bw="7" slack="0"/>
<pin id="136" dir="1" index="3" bw="1" slack="2147483647"/>
</pin_list>
<bind>
<opcode="writereq(1155) writeresp(1158) " fcode="writeresp"/>
<opset="empty_21/32 empty_25/36 "/>
</bind>
</comp>

<comp id="139" class="1004" name="write_ln30_write_fu_139">
<pin_list>
<pin id="140" dir="0" index="0" bw="0" slack="0"/>
<pin id="141" dir="0" index="1" bw="32" slack="3"/>
<pin id="142" dir="0" index="2" bw="32" slack="0"/>
<pin id="143" dir="0" index="3" bw="1" slack="0"/>
<pin id="144" dir="1" index="4" bw="0" slack="2147483647"/>
</pin_list>
<bind>
<opcode="write(1151) " fcode="write"/>
<opset="write_ln30/35 "/>
</bind>
</comp>

<comp id="148" class="1004" name="buff_addr_gep_fu_148">
<pin_list>
<pin id="149" dir="0" index="0" bw="32" slack="2147483647"/>
<pin id="150" dir="0" index="1" bw="1" slack="0"/>
<pin id="151" dir="0" index="2" bw="6" slack="0"/>
<pin id="152" dir="1" index="3" bw="6" slack="0"/>
</pin_list>
<bind>
<opcode="getelementptr(29) " fcode="getelementptr"/>
<opset="buff_addr/11 "/>
</bind>
</comp>

<comp id="154" class="1004" name="grp_access_fu_154">
<pin_list>
<pin id="155" dir="0" index="0" bw="6" slack="0"/>
<pin id="156" dir="0" index="1" bw="32" slack="0"/>
<pin id="157" dir="0" index="2" bw="0" slack="0"/>
<pin id="166" dir="0" index="4" bw="6" slack="2147483647"/>
<pin id="167" dir="0" index="5" bw="32" slack="2147483647"/>
<pin id="168" dir="0" index="6" bw="0" slack="2147483647"/>
<pin id="158" dir="1" index="3" bw="32" slack="2147483647"/>
<pin id="169" dir="1" index="7" bw="32" slack="1"/>
</pin_list>
<bind>
<opcode="load(27) store(28) " fcode="load"/>
<opset="store_ln24/11 buff_load/13 store_ln27/31 buff_load_1/33 "/>
</bind>
</comp>

<comp id="160" class="1004" name="buff_addr_1_gep_fu_160">
<pin_list>
<pin id="161" dir="0" index="0" bw="32" slack="2147483647"/>
<pin id="162" dir="0" index="1" bw="1" slack="0"/>
<pin id="163" dir="0" index="2" bw="6" slack="0"/>
<pin id="164" dir="1" index="3" bw="6" slack="0"/>
</pin_list>
<bind>
<opcode="getelementptr(29) " fcode="getelementptr"/>
<opset="buff_addr_1/13 "/>
</bind>
</comp>

<comp id="171" class="1004" name="buff_addr_2_gep_fu_171">
<pin_list>
<pin id="172" dir="0" index="0" bw="32" slack="2147483647"/>
<pin id="173" dir="0" index="1" bw="1" slack="0"/>
<pin id="174" dir="0" index="2" bw="6" slack="0"/>
<pin id="175" dir="1" index="3" bw="6" slack="0"/>
</pin_list>
<bind>
<opcode="getelementptr(29) " fcode="getelementptr"/>
<opset="buff_addr_2/33 "/>
</bind>
</comp>

<comp id="178" class="1005" name="loop_index5_reg_178">
<pin_list>
<pin id="179" dir="0" index="0" bw="6" slack="1"/>
<pin id="180" dir="1" index="1" bw="6" slack="1"/>
</pin_list>
<bind>
<opset="loop_index5 (phireg) "/>
</bind>
</comp>

<comp id="182" class="1004" name="loop_index5_phi_fu_182">
<pin_list>
<pin id="183" dir="0" index="0" bw="1" slack="1"/>
<pin id="184" dir="0" index="1" bw="0" slack="2147483647"/>
<pin id="185" dir="0" index="2" bw="6" slack="0"/>
<pin id="186" dir="0" index="3" bw="0" slack="2147483647"/>
<pin id="187" dir="1" index="4" bw="6" slack="0"/>
</pin_list>
<bind>
<opcode="phi(47) " fcode="phi"/>
<opset="loop_index5/9 "/>
</bind>
</comp>

<comp id="190" class="1005" name="i_reg_190">
<pin_list>
<pin id="191" dir="0" index="0" bw="6" slack="1"/>
<pin id="192" dir="1" index="1" bw="6" slack="1"/>
</pin_list>
<bind>
<opset="i (phireg) "/>
</bind>
</comp>

<comp id="194" class="1004" name="i_phi_fu_194">
<pin_list>
<pin id="195" dir="0" index="0" bw="6" slack="0"/>
<pin id="196" dir="0" index="1" bw="0" slack="2147483647"/>
<pin id="197" dir="0" index="2" bw="1" slack="1"/>
<pin id="198" dir="0" index="3" bw="0" slack="2147483647"/>
<pin id="199" dir="1" index="4" bw="6" slack="0"/>
</pin_list>
<bind>
<opcode="phi(47) " fcode="phi"/>
<opset="i/13 "/>
</bind>
</comp>

<comp id="201" class="1005" name="loop_index_reg_201">
<pin_list>
<pin id="202" dir="0" index="0" bw="6" slack="1"/>
<pin id="203" dir="1" index="1" bw="6" slack="1"/>
</pin_list>
<bind>
<opset="loop_index (phireg) "/>
</bind>
</comp>

<comp id="205" class="1004" name="loop_index_phi_fu_205">
<pin_list>
<pin id="206" dir="0" index="0" bw="1" slack="1"/>
<pin id="207" dir="0" index="1" bw="0" slack="2147483647"/>
<pin id="208" dir="0" index="2" bw="6" slack="0"/>
<pin id="209" dir="0" index="3" bw="0" slack="2147483647"/>
<pin id="210" dir="1" index="4" bw="6" slack="0"/>
</pin_list>
<bind>
<opcode="phi(47) " fcode="phi"/>
<opset="loop_index/33 "/>
</bind>
</comp>

<comp id="212" class="1004" name="grp_fu_212">
<pin_list>
<pin id="213" dir="0" index="0" bw="32" slack="0"/>
<pin id="214" dir="0" index="1" bw="32" slack="1"/>
<pin id="215" dir="1" index="2" bw="32" slack="1"/>
</pin_list>
<bind>
<opcode="fsqrt(503) " fcode="fsqrt"/>
<opset="tmp/15 "/>
</bind>
</comp>

<comp id="217" class="1005" name="reg_217">
<pin_list>
<pin id="218" dir="0" index="0" bw="32" slack="1"/>
<pin id="219" dir="1" index="1" bw="32" slack="1"/>
</pin_list>
<bind>
<opset="buff_load buff_load_1 "/>
</bind>
</comp>

<comp id="222" class="1004" name="trunc_ln_fu_222">
<pin_list>
<pin id="223" dir="0" index="0" bw="62" slack="0"/>
<pin id="224" dir="0" index="1" bw="64" slack="0"/>
<pin id="225" dir="0" index="2" bw="3" slack="0"/>
<pin id="226" dir="0" index="3" bw="7" slack="0"/>
<pin id="227" dir="1" index="4" bw="62" slack="0"/>
</pin_list>
<bind>
<opcode="partselect(1002) " fcode="partselect"/>
<opset="trunc_ln/1 "/>
</bind>
</comp>

<comp id="232" class="1004" name="sext_ln24_fu_232">
<pin_list>
<pin id="233" dir="0" index="0" bw="62" slack="0"/>
<pin id="234" dir="1" index="1" bw="64" slack="0"/>
</pin_list>
<bind>
<opcode="sext(35) " fcode="sext"/>
<opset="sext_ln24/1 "/>
</bind>
</comp>

<comp id="236" class="1004" name="input_r_addr_fu_236">
<pin_list>
<pin id="237" dir="0" index="0" bw="32" slack="0"/>
<pin id="238" dir="0" index="1" bw="62" slack="0"/>
<pin id="239" dir="1" index="2" bw="32" slack="1"/>
</pin_list>
<bind>
<opcode="getelementptr(29) " fcode="getelementptr"/>
<opset="input_r_addr/1 "/>
</bind>
</comp>

<comp id="242" class="1004" name="empty_18_fu_242">
<pin_list>
<pin id="243" dir="0" index="0" bw="6" slack="0"/>
<pin id="244" dir="0" index="1" bw="1" slack="0"/>
<pin id="245" dir="1" index="2" bw="6" slack="0"/>
</pin_list>
<bind>
<opcode="add(8) " fcode="add"/>
<opset="empty_18/9 "/>
</bind>
</comp>

<comp id="248" class="1004" name="exitcond74_fu_248">
<pin_list>
<pin id="249" dir="0" index="0" bw="6" slack="0"/>
<pin id="250" dir="0" index="1" bw="5" slack="0"/>
<pin id="251" dir="1" index="2" bw="1" slack="1"/>
</pin_list>
<bind>
<opcode="icmp(45) " fcode="icmp"/>
<opset="exitcond74/9 "/>
</bind>
</comp>

<comp id="254" class="1004" name="loop_index5_cast_fu_254">
<pin_list>
<pin id="255" dir="0" index="0" bw="6" slack="2"/>
<pin id="256" dir="1" index="1" bw="64" slack="0"/>
</pin_list>
<bind>
<opcode="zext(34) " fcode="zext"/>
<opset="loop_index5_cast/11 "/>
</bind>
</comp>

<comp id="259" class="1004" name="empty_20_fu_259">
<pin_list>
<pin id="260" dir="0" index="0" bw="32" slack="1"/>
<pin id="261" dir="1" index="1" bw="32" slack="0"/>
</pin_list>
<bind>
<opcode="bitcast(44) " fcode="bitcast"/>
<opset="empty_20/11 "/>
</bind>
</comp>

<comp id="263" class="1004" name="add_ln26_fu_263">
<pin_list>
<pin id="264" dir="0" index="0" bw="6" slack="0"/>
<pin id="265" dir="0" index="1" bw="1" slack="0"/>
<pin id="266" dir="1" index="2" bw="6" slack="0"/>
</pin_list>
<bind>
<opcode="add(8) " fcode="add"/>
<opset="add_ln26/13 "/>
</bind>
</comp>

<comp id="269" class="1004" name="i_cast_fu_269">
<pin_list>
<pin id="270" dir="0" index="0" bw="6" slack="0"/>
<pin id="271" dir="1" index="1" bw="32" slack="0"/>
</pin_list>
<bind>
<opcode="zext(34) " fcode="zext"/>
<opset="i_cast/13 "/>
</bind>
</comp>

<comp id="273" class="1004" name="icmp_ln26_fu_273">
<pin_list>
<pin id="274" dir="0" index="0" bw="6" slack="0"/>
<pin id="275" dir="0" index="1" bw="32" slack="10"/>
<pin id="276" dir="1" index="2" bw="1" slack="1"/>
</pin_list>
<bind>
<opcode="icmp(45) " fcode="icmp"/>
<opset="icmp_ln26/13 "/>
</bind>
</comp>

<comp id="278" class="1004" name="i_cast1_fu_278">
<pin_list>
<pin id="279" dir="0" index="0" bw="6" slack="0"/>
<pin id="280" dir="1" index="1" bw="64" slack="0"/>
</pin_list>
<bind>
<opcode="zext(34) " fcode="zext"/>
<opset="i_cast1/13 "/>
</bind>
</comp>

<comp id="283" class="1004" name="trunc_ln1_fu_283">
<pin_list>
<pin id="284" dir="0" index="0" bw="62" slack="0"/>
<pin id="285" dir="0" index="1" bw="64" slack="11"/>
<pin id="286" dir="0" index="2" bw="3" slack="0"/>
<pin id="287" dir="0" index="3" bw="7" slack="0"/>
<pin id="288" dir="1" index="4" bw="62" slack="0"/>
</pin_list>
<bind>
<opcode="partselect(1002) " fcode="partselect"/>
<opset="trunc_ln1/32 "/>
</bind>
</comp>

<comp id="292" class="1004" name="sext_ln30_fu_292">
<pin_list>
<pin id="293" dir="0" index="0" bw="62" slack="0"/>
<pin id="294" dir="1" index="1" bw="64" slack="0"/>
</pin_list>
<bind>
<opcode="sext(35) " fcode="sext"/>
<opset="sext_ln30/32 "/>
</bind>
</comp>

<comp id="296" class="1004" name="output_r_addr_fu_296">
<pin_list>
<pin id="297" dir="0" index="0" bw="32" slack="0"/>
<pin id="298" dir="0" index="1" bw="62" slack="0"/>
<pin id="299" dir="1" index="2" bw="32" slack="0"/>
</pin_list>
<bind>
<opcode="getelementptr(29) " fcode="getelementptr"/>
<opset="output_r_addr/32 "/>
</bind>
</comp>

<comp id="303" class="1004" name="empty_22_fu_303">
<pin_list>
<pin id="304" dir="0" index="0" bw="6" slack="0"/>
<pin id="305" dir="0" index="1" bw="1" slack="0"/>
<pin id="306" dir="1" index="2" bw="6" slack="0"/>
</pin_list>
<bind>
<opcode="add(8) " fcode="add"/>
<opset="empty_22/33 "/>
</bind>
</comp>

<comp id="309" class="1004" name="exitcond2_fu_309">
<pin_list>
<pin id="310" dir="0" index="0" bw="6" slack="0"/>
<pin id="311" dir="0" index="1" bw="5" slack="0"/>
<pin id="312" dir="1" index="2" bw="1" slack="1"/>
</pin_list>
<bind>
<opcode="icmp(45) " fcode="icmp"/>
<opset="exitcond2/33 "/>
</bind>
</comp>

<comp id="315" class="1004" name="loop_index_cast_fu_315">
<pin_list>
<pin id="316" dir="0" index="0" bw="6" slack="0"/>
<pin id="317" dir="1" index="1" bw="64" slack="0"/>
</pin_list>
<bind>
<opcode="zext(34) " fcode="zext"/>
<opset="loop_index_cast/33 "/>
</bind>
</comp>

<comp id="320" class="1004" name="empty_24_fu_320">
<pin_list>
<pin id="321" dir="0" index="0" bw="32" slack="1"/>
<pin id="322" dir="1" index="1" bw="32" slack="0"/>
</pin_list>
<bind>
<opcode="bitcast(44) " fcode="bitcast"/>
<opset="empty_24/35 "/>
</bind>
</comp>

<comp id="325" class="1005" name="len_read_reg_325">
<pin_list>
<pin id="326" dir="0" index="0" bw="32" slack="10"/>
<pin id="327" dir="1" index="1" bw="32" slack="10"/>
</pin_list>
<bind>
<opset="len_read "/>
</bind>
</comp>

<comp id="330" class="1005" name="out_r_read_reg_330">
<pin_list>
<pin id="331" dir="0" index="0" bw="64" slack="11"/>
<pin id="332" dir="1" index="1" bw="64" slack="11"/>
</pin_list>
<bind>
<opset="out_r_read "/>
</bind>
</comp>

<comp id="335" class="1005" name="input_r_addr_reg_335">
<pin_list>
<pin id="336" dir="0" index="0" bw="32" slack="1"/>
<pin id="337" dir="1" index="1" bw="32" slack="1"/>
</pin_list>
<bind>
<opset="input_r_addr "/>
</bind>
</comp>

<comp id="341" class="1005" name="empty_18_reg_341">
<pin_list>
<pin id="342" dir="0" index="0" bw="6" slack="0"/>
<pin id="343" dir="1" index="1" bw="6" slack="0"/>
</pin_list>
<bind>
<opset="empty_18 "/>
</bind>
</comp>

<comp id="346" class="1005" name="exitcond74_reg_346">
<pin_list>
<pin id="347" dir="0" index="0" bw="1" slack="1"/>
<pin id="348" dir="1" index="1" bw="1" slack="2147483647"/>
</pin_list>
<bind>
<opset="exitcond74 "/>
</bind>
</comp>

<comp id="350" class="1005" name="input_r_addr_read_reg_350">
<pin_list>
<pin id="351" dir="0" index="0" bw="32" slack="1"/>
<pin id="352" dir="1" index="1" bw="32" slack="1"/>
</pin_list>
<bind>
<opset="input_r_addr_read "/>
</bind>
</comp>

<comp id="355" class="1005" name="add_ln26_reg_355">
<pin_list>
<pin id="356" dir="0" index="0" bw="6" slack="0"/>
<pin id="357" dir="1" index="1" bw="6" slack="0"/>
</pin_list>
<bind>
<opset="add_ln26 "/>
</bind>
</comp>

<comp id="360" class="1005" name="icmp_ln26_reg_360">
<pin_list>
<pin id="361" dir="0" index="0" bw="1" slack="1"/>
<pin id="362" dir="1" index="1" bw="1" slack="2147483647"/>
</pin_list>
<bind>
<opset="icmp_ln26 "/>
</bind>
</comp>

<comp id="364" class="1005" name="buff_addr_1_reg_364">
<pin_list>
<pin id="365" dir="0" index="0" bw="6" slack="1"/>
<pin id="366" dir="1" index="1" bw="6" slack="1"/>
</pin_list>
<bind>
<opset="buff_addr_1 "/>
</bind>
</comp>

<comp id="370" class="1005" name="tmp_reg_370">
<pin_list>
<pin id="371" dir="0" index="0" bw="32" slack="1"/>
<pin id="372" dir="1" index="1" bw="32" slack="1"/>
</pin_list>
<bind>
<opset="tmp "/>
</bind>
</comp>

<comp id="375" class="1005" name="output_r_addr_reg_375">
<pin_list>
<pin id="376" dir="0" index="0" bw="32" slack="2"/>
<pin id="377" dir="1" index="1" bw="32" slack="2"/>
</pin_list>
<bind>
<opset="output_r_addr "/>
</bind>
</comp>

<comp id="381" class="1005" name="empty_22_reg_381">
<pin_list>
<pin id="382" dir="0" index="0" bw="6" slack="0"/>
<pin id="383" dir="1" index="1" bw="6" slack="0"/>
</pin_list>
<bind>
<opset="empty_22 "/>
</bind>
</comp>

<comp id="386" class="1005" name="exitcond2_reg_386">
<pin_list>
<pin id="387" dir="0" index="0" bw="1" slack="1"/>
<pin id="388" dir="1" index="1" bw="1" slack="2147483647"/>
</pin_list>
<bind>
<opset="exitcond2 "/>
</bind>
</comp>

<comp id="390" class="1005" name="buff_addr_2_reg_390">
<pin_list>
<pin id="391" dir="0" index="0" bw="6" slack="1"/>
<pin id="392" dir="1" index="1" bw="6" slack="1"/>
</pin_list>
<bind>
<opset="buff_addr_2 "/>
</bind>
</comp>

</comp_list>

<net_list>
<net id="101"><net_src comp="14" pin="0"/><net_sink comp="98" pin=0"/></net>

<net id="106"><net_src comp="10" pin="0"/><net_sink comp="102" pin=0"/></net>

<net id="107"><net_src comp="8" pin="0"/><net_sink comp="102" pin=1"/></net>

<net id="112"><net_src comp="12" pin="0"/><net_sink comp="108" pin=0"/></net>

<net id="113"><net_src comp="6" pin="0"/><net_sink comp="108" pin=1"/></net>

<net id="118"><net_src comp="12" pin="0"/><net_sink comp="114" pin=0"/></net>

<net id="119"><net_src comp="4" pin="0"/><net_sink comp="114" pin=1"/></net>

<net id="125"><net_src comp="22" pin="0"/><net_sink comp="120" pin=0"/></net>

<net id="126"><net_src comp="24" pin="0"/><net_sink comp="120" pin=2"/></net>

<net id="131"><net_src comp="80" pin="0"/><net_sink comp="127" pin=0"/></net>

<net id="137"><net_src comp="90" pin="0"/><net_sink comp="132" pin=0"/></net>

<net id="138"><net_src comp="24" pin="0"/><net_sink comp="132" pin=2"/></net>

<net id="145"><net_src comp="92" pin="0"/><net_sink comp="139" pin=0"/></net>

<net id="146"><net_src comp="94" pin="0"/><net_sink comp="139" pin=3"/></net>

<net id="147"><net_src comp="96" pin="0"/><net_sink comp="132" pin=0"/></net>

<net id="153"><net_src comp="82" pin="0"/><net_sink comp="148" pin=1"/></net>

<net id="159"><net_src comp="148" pin="3"/><net_sink comp="154" pin=0"/></net>

<net id="165"><net_src comp="82" pin="0"/><net_sink comp="160" pin=1"/></net>

<net id="170"><net_src comp="160" pin="3"/><net_sink comp="154" pin=2"/></net>

<net id="176"><net_src comp="82" pin="0"/><net_sink comp="171" pin=1"/></net>

<net id="177"><net_src comp="171" pin="3"/><net_sink comp="154" pin=2"/></net>

<net id="181"><net_src comp="62" pin="0"/><net_sink comp="178" pin=0"/></net>

<net id="188"><net_src comp="178" pin="1"/><net_sink comp="182" pin=0"/></net>

<net id="189"><net_src comp="182" pin="4"/><net_sink comp="178" pin=0"/></net>

<net id="193"><net_src comp="62" pin="0"/><net_sink comp="190" pin=0"/></net>

<net id="200"><net_src comp="190" pin="1"/><net_sink comp="194" pin=2"/></net>

<net id="204"><net_src comp="62" pin="0"/><net_sink comp="201" pin=0"/></net>

<net id="211"><net_src comp="201" pin="1"/><net_sink comp="205" pin=0"/></net>

<net id="216"><net_src comp="84" pin="0"/><net_sink comp="212" pin=0"/></net>

<net id="220"><net_src comp="154" pin="7"/><net_sink comp="217" pin=0"/></net>

<net id="221"><net_src comp="217" pin="1"/><net_sink comp="212" pin=1"/></net>

<net id="228"><net_src comp="16" pin="0"/><net_sink comp="222" pin=0"/></net>

<net id="229"><net_src comp="114" pin="2"/><net_sink comp="222" pin=1"/></net>

<net id="230"><net_src comp="18" pin="0"/><net_sink comp="222" pin=2"/></net>

<net id="231"><net_src comp="20" pin="0"/><net_sink comp="222" pin=3"/></net>

<net id="235"><net_src comp="222" pin="4"/><net_sink comp="232" pin=0"/></net>

<net id="240"><net_src comp="0" pin="0"/><net_sink comp="236" pin=0"/></net>

<net id="241"><net_src comp="232" pin="1"/><net_sink comp="236" pin=1"/></net>

<net id="246"><net_src comp="182" pin="4"/><net_sink comp="242" pin=0"/></net>

<net id="247"><net_src comp="64" pin="0"/><net_sink comp="242" pin=1"/></net>

<net id="252"><net_src comp="182" pin="4"/><net_sink comp="248" pin=0"/></net>

<net id="253"><net_src comp="74" pin="0"/><net_sink comp="248" pin=1"/></net>

<net id="257"><net_src comp="178" pin="1"/><net_sink comp="254" pin=0"/></net>

<net id="258"><net_src comp="254" pin="1"/><net_sink comp="148" pin=2"/></net>

<net id="262"><net_src comp="259" pin="1"/><net_sink comp="154" pin=1"/></net>

<net id="267"><net_src comp="194" pin="4"/><net_sink comp="263" pin=0"/></net>

<net id="268"><net_src comp="64" pin="0"/><net_sink comp="263" pin=1"/></net>

<net id="272"><net_src comp="194" pin="4"/><net_sink comp="269" pin=0"/></net>

<net id="277"><net_src comp="269" pin="1"/><net_sink comp="273" pin=0"/></net>

<net id="281"><net_src comp="194" pin="4"/><net_sink comp="278" pin=0"/></net>

<net id="282"><net_src comp="278" pin="1"/><net_sink comp="160" pin=2"/></net>

<net id="289"><net_src comp="16" pin="0"/><net_sink comp="283" pin=0"/></net>

<net id="290"><net_src comp="18" pin="0"/><net_sink comp="283" pin=2"/></net>

<net id="291"><net_src comp="20" pin="0"/><net_sink comp="283" pin=3"/></net>

<net id="295"><net_src comp="283" pin="4"/><net_sink comp="292" pin=0"/></net>

<net id="300"><net_src comp="2" pin="0"/><net_sink comp="296" pin=0"/></net>

<net id="301"><net_src comp="292" pin="1"/><net_sink comp="296" pin=1"/></net>

<net id="302"><net_src comp="296" pin="2"/><net_sink comp="132" pin=1"/></net>

<net id="307"><net_src comp="205" pin="4"/><net_sink comp="303" pin=0"/></net>

<net id="308"><net_src comp="64" pin="0"/><net_sink comp="303" pin=1"/></net>

<net id="313"><net_src comp="205" pin="4"/><net_sink comp="309" pin=0"/></net>

<net id="314"><net_src comp="74" pin="0"/><net_sink comp="309" pin=1"/></net>

<net id="318"><net_src comp="205" pin="4"/><net_sink comp="315" pin=0"/></net>

<net id="319"><net_src comp="315" pin="1"/><net_sink comp="171" pin=2"/></net>

<net id="323"><net_src comp="217" pin="1"/><net_sink comp="320" pin=0"/></net>

<net id="324"><net_src comp="320" pin="1"/><net_sink comp="139" pin=2"/></net>

<net id="328"><net_src comp="102" pin="2"/><net_sink comp="325" pin=0"/></net>

<net id="329"><net_src comp="325" pin="1"/><net_sink comp="273" pin=1"/></net>

<net id="333"><net_src comp="108" pin="2"/><net_sink comp="330" pin=0"/></net>

<net id="334"><net_src comp="330" pin="1"/><net_sink comp="283" pin=1"/></net>

<net id="338"><net_src comp="236" pin="2"/><net_sink comp="335" pin=0"/></net>

<net id="339"><net_src comp="335" pin="1"/><net_sink comp="120" pin=1"/></net>

<net id="340"><net_src comp="335" pin="1"/><net_sink comp="127" pin=1"/></net>

<net id="344"><net_src comp="242" pin="2"/><net_sink comp="341" pin=0"/></net>

<net id="345"><net_src comp="341" pin="1"/><net_sink comp="182" pin=2"/></net>

<net id="349"><net_src comp="248" pin="2"/><net_sink comp="346" pin=0"/></net>

<net id="353"><net_src comp="127" pin="2"/><net_sink comp="350" pin=0"/></net>

<net id="354"><net_src comp="350" pin="1"/><net_sink comp="259" pin=0"/></net>

<net id="358"><net_src comp="263" pin="2"/><net_sink comp="355" pin=0"/></net>

<net id="359"><net_src comp="355" pin="1"/><net_sink comp="194" pin=0"/></net>

<net id="363"><net_src comp="273" pin="2"/><net_sink comp="360" pin=0"/></net>

<net id="367"><net_src comp="160" pin="3"/><net_sink comp="364" pin=0"/></net>

<net id="368"><net_src comp="364" pin="1"/><net_sink comp="154" pin=2"/></net>

<net id="369"><net_src comp="364" pin="1"/><net_sink comp="154" pin=0"/></net>

<net id="373"><net_src comp="212" pin="2"/><net_sink comp="370" pin=0"/></net>

<net id="374"><net_src comp="370" pin="1"/><net_sink comp="154" pin=1"/></net>

<net id="378"><net_src comp="296" pin="2"/><net_sink comp="375" pin=0"/></net>

<net id="379"><net_src comp="375" pin="1"/><net_sink comp="139" pin=1"/></net>

<net id="380"><net_src comp="375" pin="1"/><net_sink comp="132" pin=1"/></net>

<net id="384"><net_src comp="303" pin="2"/><net_sink comp="381" pin=0"/></net>

<net id="385"><net_src comp="381" pin="1"/><net_sink comp="205" pin=2"/></net>

<net id="389"><net_src comp="309" pin="2"/><net_sink comp="386" pin=0"/></net>

<net id="393"><net_src comp="171" pin="3"/><net_sink comp="390" pin=0"/></net>

<net id="394"><net_src comp="390" pin="1"/><net_sink comp="154" pin=2"/></net>

</net_list>

</model> 
---------------- Datapath Model END ------------------

* FSMD analyzer results:
  - Output states:
	Port: output_r | {32 35 36 37 38 39 40 }
 - Input state : 
	Port: axi4_sqrt : input_r | {2 3 4 5 6 7 8 10 }
	Port: axi4_sqrt : in_r | {1 }
	Port: axi4_sqrt : out_r | {1 }
	Port: axi4_sqrt : len | {1 }
  - Chain level:
	State 1
		sext_ln24 : 1
		input_r_addr : 2
	State 2
	State 3
	State 4
	State 5
	State 6
	State 7
	State 8
	State 9
		empty_18 : 1
		exitcond74 : 1
		br_ln0 : 2
	State 10
	State 11
		buff_addr : 1
		store_ln24 : 2
	State 12
	State 13
		add_ln26 : 1
		i_cast : 1
		icmp_ln26 : 2
		br_ln26 : 3
		i_cast1 : 1
		buff_addr_1 : 2
		buff_load : 3
	State 14
	State 15
	State 16
	State 17
	State 18
	State 19
	State 20
	State 21
	State 22
	State 23
	State 24
	State 25
	State 26
	State 27
	State 28
	State 29
	State 30
	State 31
	State 32
		sext_ln30 : 1
		output_r_addr : 2
		empty_21 : 3
	State 33
		empty_22 : 1
		exitcond2 : 1
		br_ln0 : 2
		loop_index_cast : 1
		buff_addr_2 : 2
		buff_load_1 : 3
	State 34
	State 35
		write_ln30 : 1
	State 36
	State 37
	State 38
	State 39
	State 40


============================================================
+ Verbose Summary: Datapath Resource usage 
============================================================

* Functional unit list:
|----------|-------------------------------|---------|---------|
| Operation|        Functional Unit        |    FF   |   LUT   |
|----------|-------------------------------|---------|---------|
|          |        empty_18_fu_242        |    0    |    14   |
|    add   |        add_ln26_fu_263        |    0    |    14   |
|          |        empty_22_fu_303        |    0    |    14   |
|----------|-------------------------------|---------|---------|
|          |       exitcond74_fu_248       |    0    |    10   |
|   icmp   |        icmp_ln26_fu_273       |    0    |    18   |
|          |        exitcond2_fu_309       |    0    |    10   |
|----------|-------------------------------|---------|---------|
|          |      len_read_read_fu_102     |    0    |    0    |
|   read   |     out_r_read_read_fu_108    |    0    |    0    |
|          |     in_r_read_read_fu_114     |    0    |    0    |
|          | input_r_addr_read_read_fu_127 |    0    |    0    |
|----------|-------------------------------|---------|---------|
|  readreq |       grp_readreq_fu_120      |    0    |    0    |
|----------|-------------------------------|---------|---------|
| writeresp|      grp_writeresp_fu_132     |    0    |    0    |
|----------|-------------------------------|---------|---------|
|   write  |    write_ln30_write_fu_139    |    0    |    0    |
|----------|-------------------------------|---------|---------|
|   fsqrt  |           grp_fu_212          |    0    |    0    |
|----------|-------------------------------|---------|---------|
|partselect|        trunc_ln_fu_222        |    0    |    0    |
|          |        trunc_ln1_fu_283       |    0    |    0    |
|----------|-------------------------------|---------|---------|
|   sext   |        sext_ln24_fu_232       |    0    |    0    |
|          |        sext_ln30_fu_292       |    0    |    0    |
|----------|-------------------------------|---------|---------|
|          |    loop_index5_cast_fu_254    |    0    |    0    |
|   zext   |         i_cast_fu_269         |    0    |    0    |
|          |         i_cast1_fu_278        |    0    |    0    |
|          |     loop_index_cast_fu_315    |    0    |    0    |
|----------|-------------------------------|---------|---------|
|   Total  |                               |    0    |    80   |
|----------|-------------------------------|---------|---------|

Memories:
+----+--------+--------+--------+
|    |  BRAM  |   FF   |   LUT  |
+----+--------+--------+--------+
|buff|    1   |    0   |    0   |
+----+--------+--------+--------+
|Total|    1   |    0   |    0   |
+----+--------+--------+--------+

* Register list:
+-------------------------+--------+
|                         |   FF   |
+-------------------------+--------+
|     add_ln26_reg_355    |    6   |
|   buff_addr_1_reg_364   |    6   |
|   buff_addr_2_reg_390   |    6   |
|     empty_18_reg_341    |    6   |
|     empty_22_reg_381    |    6   |
|    exitcond2_reg_386    |    1   |
|    exitcond74_reg_346   |    1   |
|        i_reg_190        |    6   |
|    icmp_ln26_reg_360    |    1   |
|input_r_addr_read_reg_350|   32   |
|   input_r_addr_reg_335  |   32   |
|     len_read_reg_325    |   32   |
|   loop_index5_reg_178   |    6   |
|    loop_index_reg_201   |    6   |
|    out_r_read_reg_330   |   64   |
|  output_r_addr_reg_375  |   32   |
|         reg_217         |   32   |
|       tmp_reg_370       |   32   |
+-------------------------+--------+
|          Total          |   307  |
+-------------------------+--------+

* Multiplexer (MUX) list: 
|----------------------|------|------|------|--------||---------||---------|
|         Comp         |  Pin | Size |  BW  | S x BW ||  Delay  ||   LUT   |
|----------------------|------|------|------|--------||---------||---------|
| grp_writeresp_fu_132 |  p0  |   2  |   1  |    2   |
| grp_writeresp_fu_132 |  p1  |   2  |  32  |   64   ||    9    |
|   grp_access_fu_154  |  p0  |   2  |   6  |   12   ||    9    |
|   grp_access_fu_154  |  p1  |   2  |  32  |   64   ||    9    |
|   grp_access_fu_154  |  p2  |   4  |   0  |    0   ||    20   |
|  loop_index5_reg_178 |  p0  |   2  |   6  |   12   ||    9    |
|----------------------|------|------|------|--------||---------||---------|
|         Total        |      |      |      |   154  ||  9.7666 ||    56   |
|----------------------|------|------|------|--------||---------||---------|



* Summary:
+-----------+--------+--------+--------+--------+
|           |  BRAM  |  Delay |   FF   |   LUT  |
+-----------+--------+--------+--------+--------+
|  Function |    -   |    -   |    0   |   80   |
|   Memory  |    1   |    -   |    0   |    0   |
|Multiplexer|    -   |    9   |    -   |   56   |
|  Register |    -   |    -   |   307  |    -   |
+-----------+--------+--------+--------+--------+
|   Total   |    1   |    9   |   307  |   136  |
+-----------+--------+--------+--------+--------+
